<?xml version="1.0" encoding="UTF-8"?>
<testsuites name="TestSuiteCollection_Intermediate" time="305.779" tests="18" failures="0" errors="0">
   <testsuite name="TestSuite_3_JQuery_Select_Dropdown" tests="5" failures="0" errors="0" time="113.338" skipped="0" timestamp="2022-10-12 09:59:01" hostname="vminhhung - vminhhung.tma.com.vn" id="Test Suites/TestSuite_3_JQuery_Select_Dropdown">
      <properties>
         <property name="deviceName" value=""/>
         <property name="devicePlatform" value=""/>
         <property name="logFolder" value="C:\\Users\\vminhhung\\Katalon Studio\\SeleniumEasy\\Reports\\20221012_095842\\TestSuite_3_JQuery_Select_Dropdown\\20221012_095843"/>
         <property name="logFiles" value="C:\\Users\\vminhhung\\Katalon Studio\\SeleniumEasy\\Reports\\20221012_095842\\TestSuite_3_JQuery_Select_Dropdown\\20221012_095843\\execution0.log"/>
         <property name="attachments" value=""/>
         <property name="hostName" value="vminhhung - vminhhung.tma.com.vn"/>
         <property name="os" value="Windows 10 64bit"/>
         <property name="katalonVersion" value="8.5.0.208"/>
         <property name="browser" value="Chrome 106.0.0.0"/>
         <property name="hostAddress" value="10.107.1.102"/>
         <property name="sessionId" value="add9fc1073bfd9c1fd7f022fa4407d3f"/>
         <property name="seleniumVersion" value="3.141.59"/>
         <property name="proxyInformation" value="ProxyInformation { proxyOption=NO_PROXY, proxyServerType=HTTP, username=, password=********, proxyServerAddress=, proxyServerPort=0, executionList=&quot;&quot;, isApplyToDesiredCapabilities=true }"/>
         <property name="platform" value="Windows 10"/>
      </properties>
      <testcase name="Test Cases/Intermediate/3_JQuery_Select _Dropdown/JQSD1_Verify_UI" time="13.511" classname="Test Cases/Intermediate/3_JQuery_Select _Dropdown/JQSD1_Verify_UI" status="PASSED">
         <system-out><![CDATA[2022-10-12 09:59:01 - [TEST_CASE][PASSED] - Test Cases/Intermediate/3_JQuery_Select _Dropdown/JQSD1_Verify_UI: Test Cases/Intermediate/3_JQuery_Select _Dropdown/JQSD1_Verify_UI

2022-10-12 09:59:01 - [TEST_STEP][PASSED] - callTestCase(findTestCase("Intermediate/Prerequisite1_Access_Immediate"), [:], STOP_ON_FAILURE): Call Test Case 'Test Cases/Intermediate/Prerequisite1_Access_Immediate' successfully

2022-10-12 09:59:02 - [TEST_CASE][PASSED] - Test Cases/Intermediate/Prerequisite1_Access_Immediate: Test Cases/Intermediate/Prerequisite1_Access_Immediate

2022-10-12 09:59:02 - [TEST_STEP][PASSED] - callTestCase(findTestCase("Launch_seleniumeasy_page"), [:], STOP_ON_FAILURE): Call Test Case 'Test Cases/Launch_seleniumeasy_page' successfully

2022-10-12 09:59:02 - [TEST_CASE][PASSED] - Test Cases/Launch_seleniumeasy_page: Test Cases/Launch_seleniumeasy_page

2022-10-12 09:59:03 - [TEST_STEP][PASSED] - openBrowser(""): Browser is opened with url: ''

2022-10-12 09:59:03 - [MESSAGE][INFO] - Starting 'Chrome' driver

2022-10-12 09:59:03 - [MESSAGE][INFO] - Action delay is set to 0 milliseconds

2022-10-12 09:59:05 - [MESSAGE][PASSED] - Browser is opened with url: ''

2022-10-12 09:59:05 - [TEST_STEP][PASSED] - maximizeWindow(): Current window maximized

2022-10-12 09:59:05 - [MESSAGE][PASSED] - Current window maximized

2022-10-12 09:59:05 - [TEST_STEP][PASSED] - navigateToUrl("https://demo.seleniumeasy.com/"): Navigate to 'https://demo.seleniumeasy.com/' successfully

2022-10-12 09:59:09 - [MESSAGE][PASSED] - Navigate to 'https://demo.seleniumeasy.com/' successfully

2022-10-12 09:59:09 - [MESSAGE][PASSED] - Call Test Case 'Test Cases/Launch_seleniumeasy_page' successfully

2022-10-12 09:59:09 - [TEST_STEP][PASSED] - if (verifyElementVisible(findTestObject("Main_page/Button_Start_Practicing"), OPTIONAL)): Object: 'Object Repository/Main_page/Button_Start_Practicing' is clicked on

2022-10-12 09:59:10 - [MESSAGE][PASSED] - Object 'Object Repository/Main_page/Button_Start_Practicing' is visible

2022-10-12 09:59:10 - [TEST_STEP][PASSED] - click(findTestObject("Main_page/Button_Start_Practicing")): Object: 'Object Repository/Main_page/Button_Start_Practicing' is clicked on

2022-10-12 09:59:10 - [MESSAGE][PASSED] - Object: 'Object Repository/Main_page/Button_Start_Practicing' is clicked on

2022-10-12 09:59:10 - [TEST_STEP][PASSED] - enhancedClick(findTestObject("Main_page/option_Intermediate")): Object: 'Object Repository/Main_page/option_Intermediate' is clicked on

2022-10-12 09:59:10 - [MESSAGE][PASSED] - Object: 'Object Repository/Main_page/option_Intermediate' is clicked on

2022-10-12 09:59:10 - [TEST_STEP][PASSED] - verifyElementVisible(findTestObject("Intermediate/text_Intermediate"), STOP_ON_FAILURE): Object 'Object Repository/Intermediate/text_Intermediate' is visible

2022-10-12 09:59:11 - [MESSAGE][PASSED] - Object 'Object Repository/Intermediate/text_Intermediate' is visible

2022-10-12 09:59:11 - [MESSAGE][PASSED] - Call Test Case 'Test Cases/Intermediate/Prerequisite1_Access_Immediate' successfully

2022-10-12 09:59:11 - [TEST_STEP][PASSED] - click(findTestObject("Intermediate/option_JQuerySelectDropdown")): Object: 'Object Repository/Intermediate/option_JQuerySelectDropdown' is clicked on

2022-10-12 09:59:13 - [MESSAGE][PASSED] - Object: 'Object Repository/Intermediate/option_JQuerySelectDropdown' is clicked on

2022-10-12 09:59:13 - [TEST_STEP][PASSED] - verifyElementVisible(findTestObject("Intermediate/3_JQuery_Select _Dropdown/text_h2_Single_Select")): Object 'Object Repository/Intermediate/3_JQuery_Select _Dropdown/text_h2_Single_Select' is visible

2022-10-12 09:59:13 - [MESSAGE][PASSED] - Object 'Object Repository/Intermediate/3_JQuery_Select _Dropdown/text_h2_Single_Select' is visible

2022-10-12 09:59:13 - [TEST_STEP][PASSED] - verifyElementVisible(findTestObject("Intermediate/3_JQuery_Select _Dropdown/text_h3_Multi_Select")): Object 'Object Repository/Intermediate/3_JQuery_Select _Dropdown/text_h3_Multi_Select' is visible

2022-10-12 09:59:14 - [MESSAGE][PASSED] - Object 'Object Repository/Intermediate/3_JQuery_Select _Dropdown/text_h3_Multi_Select' is visible

2022-10-12 09:59:14 - [TEST_STEP][PASSED] - verifyElementPresent(findTestObject("Intermediate/3_JQuery_Select _Dropdown/label_Select_Country"), 0): Object 'Object Repository/Intermediate/3_JQuery_Select _Dropdown/label_Select_Country' is present

2022-10-12 09:59:14 - [MESSAGE][WARNING] - Timeout '0' is invalid. Using default page load timeout: '30'

2022-10-12 09:59:14 - [MESSAGE][PASSED] - Object 'Object Repository/Intermediate/3_JQuery_Select _Dropdown/label_Select_Country' is present]]></system-out>
         <system-err><![CDATA[]]></system-err>
      </testcase>
      <testcase name="Test Cases/Intermediate/3_JQuery_Select _Dropdown/JQSD2_Search_Select_Verify_Select_Country" time="16.485" classname="Test Cases/Intermediate/3_JQuery_Select _Dropdown/JQSD2_Search_Select_Verify_Select_Country" status="PASSED">
         <system-out><![CDATA[2022-10-12 09:59:14 - [TEST_CASE][PASSED] - Test Cases/Intermediate/3_JQuery_Select _Dropdown/JQSD2_Search_Select_Verify_Select_Country: Test Cases/Intermediate/3_JQuery_Select _Dropdown/JQSD2_Search_Select_Verify_Select_Country

2022-10-12 09:59:15 - [TEST_STEP][PASSED] - selectedCountry = "Bangladesh": null

2022-10-12 09:59:15 - [TEST_STEP][PASSED] - callTestCase(findTestCase("Intermediate/Prerequisite1_Access_Immediate"), [:], STOP_ON_FAILURE): Call Test Case 'Test Cases/Intermediate/Prerequisite1_Access_Immediate' successfully

2022-10-12 09:59:15 - [TEST_CASE][PASSED] - Test Cases/Intermediate/Prerequisite1_Access_Immediate: Test Cases/Intermediate/Prerequisite1_Access_Immediate

2022-10-12 09:59:15 - [TEST_STEP][PASSED] - callTestCase(findTestCase("Launch_seleniumeasy_page"), [:], STOP_ON_FAILURE): Call Test Case 'Test Cases/Launch_seleniumeasy_page' successfully

2022-10-12 09:59:15 - [TEST_CASE][PASSED] - Test Cases/Launch_seleniumeasy_page: Test Cases/Launch_seleniumeasy_page

2022-10-12 09:59:15 - [TEST_STEP][PASSED] - openBrowser(""): Browser is opened with url: ''

2022-10-12 09:59:15 - [MESSAGE][WARNING] - A browser is already opened. Closing browser and opening a new one

2022-10-12 09:59:17 - [MESSAGE][INFO] - Starting 'Chrome' driver

2022-10-12 09:59:17 - [MESSAGE][INFO] - Action delay is set to 0 milliseconds

2022-10-12 09:59:20 - [MESSAGE][PASSED] - Browser is opened with url: ''

2022-10-12 09:59:20 - [TEST_STEP][PASSED] - maximizeWindow(): Current window maximized

2022-10-12 09:59:20 - [MESSAGE][PASSED] - Current window maximized

2022-10-12 09:59:20 - [TEST_STEP][PASSED] - navigateToUrl("https://demo.seleniumeasy.com/"): Navigate to 'https://demo.seleniumeasy.com/' successfully

2022-10-12 09:59:25 - [MESSAGE][PASSED] - Navigate to 'https://demo.seleniumeasy.com/' successfully

2022-10-12 09:59:25 - [MESSAGE][PASSED] - Call Test Case 'Test Cases/Launch_seleniumeasy_page' successfully

2022-10-12 09:59:25 - [TEST_STEP][PASSED] - if (verifyElementVisible(findTestObject("Main_page/Button_Start_Practicing"), OPTIONAL)): Object: 'Object Repository/Main_page/Button_Start_Practicing' is clicked on

2022-10-12 09:59:25 - [MESSAGE][PASSED] - Object 'Object Repository/Main_page/Button_Start_Practicing' is visible

2022-10-12 09:59:25 - [TEST_STEP][PASSED] - click(findTestObject("Main_page/Button_Start_Practicing")): Object: 'Object Repository/Main_page/Button_Start_Practicing' is clicked on

2022-10-12 09:59:26 - [MESSAGE][PASSED] - Object: 'Object Repository/Main_page/Button_Start_Practicing' is clicked on

2022-10-12 09:59:26 - [TEST_STEP][PASSED] - enhancedClick(findTestObject("Main_page/option_Intermediate")): Object: 'Object Repository/Main_page/option_Intermediate' is clicked on

2022-10-12 09:59:26 - [MESSAGE][PASSED] - Object: 'Object Repository/Main_page/option_Intermediate' is clicked on

2022-10-12 09:59:26 - [TEST_STEP][PASSED] - verifyElementVisible(findTestObject("Intermediate/text_Intermediate"), STOP_ON_FAILURE): Object 'Object Repository/Intermediate/text_Intermediate' is visible

2022-10-12 09:59:27 - [MESSAGE][PASSED] - Object 'Object Repository/Intermediate/text_Intermediate' is visible

2022-10-12 09:59:27 - [MESSAGE][PASSED] - Call Test Case 'Test Cases/Intermediate/Prerequisite1_Access_Immediate' successfully

2022-10-12 09:59:27 - [TEST_STEP][PASSED] - click(findTestObject("Intermediate/option_JQuerySelectDropdown")): Object: 'Object Repository/Intermediate/option_JQuerySelectDropdown' is clicked on

2022-10-12 09:59:28 - [MESSAGE][PASSED] - Object: 'Object Repository/Intermediate/option_JQuerySelectDropdown' is clicked on

2022-10-12 09:59:28 - [TEST_STEP][PASSED] - click(findTestObject("Intermediate/3_JQuery_Select _Dropdown/dropdown_Select_Country")): Object: 'Object Repository/Intermediate/3_JQuery_Select _Dropdown/dropdown_Select_Country' is clicked on

2022-10-12 09:59:29 - [MESSAGE][PASSED] - Object: 'Object Repository/Intermediate/3_JQuery_Select _Dropdown/dropdown_Select_Country' is clicked on

2022-10-12 09:59:29 - [TEST_STEP][PASSED] - setText(findTestObject("Intermediate/3_JQuery_Select _Dropdown/searchbox_Select_Country"), "a"): Text 'a' is set on object 'Object Repository/Intermediate/3_JQuery_Select _Dropdown/searchbox_Select_Country'

2022-10-12 09:59:30 - [MESSAGE][PASSED] - Text 'a' is set on object 'Object Repository/Intermediate/3_JQuery_Select _Dropdown/searchbox_Select_Country'

2022-10-12 09:59:30 - [TEST_STEP][PASSED] - println(findTestObject("Intermediate/3_JQuery_Select _Dropdown/li_country_dynamic")): null

2022-10-12 09:59:30 - [TEST_STEP][PASSED] - click(findTestObject("Intermediate/3_JQuery_Select _Dropdown/li_country_dynamic", ["selectedCountry":selectedCountry])): Object: 'Object Repository/Intermediate/3_JQuery_Select _Dropdown/li_country_dynamic' is clicked on

2022-10-12 09:59:30 - [MESSAGE][PASSED] - Object: 'Object Repository/Intermediate/3_JQuery_Select _Dropdown/li_country_dynamic' is clicked on

2022-10-12 09:59:30 - [TEST_STEP][PASSED] - verifyElementVisible(findTestObject("Intermediate/3_JQuery_Select _Dropdown/verify_country_dynamic", ["selectedCountry":selectedCountry])): Object 'Object Repository/Intermediate/3_JQuery_Select _Dropdown/verify_country_dynamic' is visible

2022-10-12 09:59:31 - [MESSAGE][PASSED] - Object 'Object Repository/Intermediate/3_JQuery_Select _Dropdown/verify_country_dynamic' is visible]]></system-out>
         <system-err><![CDATA[]]></system-err>
      </testcase>
      <testcase name="Test Cases/Intermediate/3_JQuery_Select _Dropdown/JQSD3_Select_Verify_States" time="30.629" classname="Test Cases/Intermediate/3_JQuery_Select _Dropdown/JQSD3_Select_Verify_States" status="PASSED">
         <system-out><![CDATA[2022-10-12 09:59:31 - [TEST_CASE][PASSED] - Test Cases/Intermediate/3_JQuery_Select _Dropdown/JQSD3_Select_Verify_States: Test Cases/Intermediate/3_JQuery_Select _Dropdown/JQSD3_Select_Verify_States

2022-10-12 09:59:32 - [TEST_STEP][PASSED] - TestID = "TEST-00001": null

2022-10-12 09:59:32 - [TEST_STEP][PASSED] - totalRow = findTestData("TestData_Sheet2").getRowNumbers(): null

2022-10-12 09:59:33 - [TEST_STEP][PASSED] - for ([rowNum = 1, rowNum < totalRow, (rowNum++)]): null

2022-10-12 09:59:33 - [TEST_STEP][PASSED] - if (findTestData("TestData_Sheet2").getValue(1, rowNum) == TestID): Object 'Object Repository/Intermediate/3_JQuery_Select _Dropdown/verify_selected_states_dynamic' is visible

2022-10-12 09:59:33 - [TEST_STEP][PASSED] - totalColumn = findTestData("TestData_Sheet2").getColumnNumbers(): null

2022-10-12 09:59:33 - [TEST_STEP][PASSED] - println("Total column is: " + totalColumn): null

2022-10-12 09:59:33 - [TEST_STEP][PASSED] - arrayLength = 0: null

2022-10-12 09:59:33 - [TEST_STEP][PASSED] - for ([i = 0, i < totalColumn - 1, (i++)]): null

2022-10-12 09:59:33 - [TEST_STEP][PASSED] - if (findTestData("TestData_Sheet2").getValue(i + 2, rowNum) == ""): null

2022-10-12 09:59:33 - [TEST_STEP][PASSED] - (arrayLength++): null

2022-10-12 09:59:33 - [TEST_STEP][PASSED] - if (findTestData("TestData_Sheet2").getValue(i + 2, rowNum) == ""): null

2022-10-12 09:59:33 - [TEST_STEP][PASSED] - (arrayLength++): null

2022-10-12 09:59:33 - [TEST_STEP][PASSED] - if (findTestData("TestData_Sheet2").getValue(i + 2, rowNum) == ""): null

2022-10-12 09:59:34 - [TEST_STEP][PASSED] - (arrayLength++): null

2022-10-12 09:59:34 - [TEST_STEP][PASSED] - if (findTestData("TestData_Sheet2").getValue(i + 2, rowNum) == ""): null

2022-10-12 09:59:34 - [TEST_STEP][PASSED] - (arrayLength++): null

2022-10-12 09:59:34 - [TEST_STEP][PASSED] - if (findTestData("TestData_Sheet2").getValue(i + 2, rowNum) == ""): null

2022-10-12 09:59:34 - [TEST_STEP][PASSED] - (arrayLength++): null

2022-10-12 09:59:34 - [TEST_STEP][PASSED] - if (findTestData("TestData_Sheet2").getValue(i + 2, rowNum) == ""): null

2022-10-12 09:59:34 - [TEST_STEP][PASSED] - (arrayLength++): null

2022-10-12 09:59:34 - [TEST_STEP][PASSED] - if (findTestData("TestData_Sheet2").getValue(i + 2, rowNum) == ""): null

2022-10-12 09:59:34 - [TEST_STEP][PASSED] - (arrayLength++): null

2022-10-12 09:59:34 - [TEST_STEP][PASSED] - if (findTestData("TestData_Sheet2").getValue(i + 2, rowNum) == ""): null

2022-10-12 09:59:34 - [TEST_STEP][PASSED] - (arrayLength++): null

2022-10-12 09:59:34 - [TEST_STEP][PASSED] - if (findTestData("TestData_Sheet2").getValue(i + 2, rowNum) == ""): null

2022-10-12 09:59:34 - [TEST_STEP][PASSED] - (arrayLength++): null

2022-10-12 09:59:34 - [TEST_STEP][PASSED] - if (findTestData("TestData_Sheet2").getValue(i + 2, rowNum) == ""): null

2022-10-12 09:59:34 - [TEST_STEP][PASSED] - (arrayLength++): null

2022-10-12 09:59:34 - [TEST_STEP][PASSED] - println("Array length is: " + arrayLength): null

2022-10-12 09:59:34 - [TEST_STEP][PASSED] - selectedStates = []: null

2022-10-12 09:59:34 - [TEST_STEP][PASSED] - for ([i = 0, i < arrayLength, (i++)]): null

2022-10-12 09:59:34 - [TEST_STEP][PASSED] - if (findTestData("TestData_Sheet2").getValue(i + 2, 1) == ""): null

2022-10-12 09:59:34 - [TEST_STEP][PASSED] - selectedStates[i] = findTestData("TestData_Sheet2").getValue(i + 2, rowNum): null

2022-10-12 09:59:34 - [TEST_STEP][PASSED] - if (findTestData("TestData_Sheet2").getValue(i + 2, 1) == ""): null

2022-10-12 09:59:34 - [TEST_STEP][PASSED] - selectedStates[i] = findTestData("TestData_Sheet2").getValue(i + 2, rowNum): null

2022-10-12 09:59:34 - [TEST_STEP][PASSED] - if (findTestData("TestData_Sheet2").getValue(i + 2, 1) == ""): null

2022-10-12 09:59:35 - [TEST_STEP][PASSED] - selectedStates[i] = findTestData("TestData_Sheet2").getValue(i + 2, rowNum): null

2022-10-12 09:59:35 - [TEST_STEP][PASSED] - if (findTestData("TestData_Sheet2").getValue(i + 2, 1) == ""): null

2022-10-12 09:59:35 - [TEST_STEP][PASSED] - selectedStates[i] = findTestData("TestData_Sheet2").getValue(i + 2, rowNum): null

2022-10-12 09:59:35 - [TEST_STEP][PASSED] - if (findTestData("TestData_Sheet2").getValue(i + 2, 1) == ""): null

2022-10-12 09:59:35 - [TEST_STEP][PASSED] - selectedStates[i] = findTestData("TestData_Sheet2").getValue(i + 2, rowNum): null

2022-10-12 09:59:35 - [TEST_STEP][PASSED] - if (findTestData("TestData_Sheet2").getValue(i + 2, 1) == ""): null

2022-10-12 09:59:35 - [TEST_STEP][PASSED] - selectedStates[i] = findTestData("TestData_Sheet2").getValue(i + 2, rowNum): null

2022-10-12 09:59:35 - [TEST_STEP][PASSED] - if (findTestData("TestData_Sheet2").getValue(i + 2, 1) == ""): null

2022-10-12 09:59:35 - [TEST_STEP][PASSED] - selectedStates[i] = findTestData("TestData_Sheet2").getValue(i + 2, rowNum): null

2022-10-12 09:59:35 - [TEST_STEP][PASSED] - if (findTestData("TestData_Sheet2").getValue(i + 2, 1) == ""): null

2022-10-12 09:59:35 - [TEST_STEP][PASSED] - selectedStates[i] = findTestData("TestData_Sheet2").getValue(i + 2, rowNum): null

2022-10-12 09:59:35 - [TEST_STEP][PASSED] - if (findTestData("TestData_Sheet2").getValue(i + 2, 1) == ""): null

2022-10-12 09:59:35 - [TEST_STEP][PASSED] - selectedStates[i] = findTestData("TestData_Sheet2").getValue(i + 2, rowNum): null

2022-10-12 09:59:35 - [TEST_STEP][PASSED] - if (findTestData("TestData_Sheet2").getValue(i + 2, 1) == ""): null

2022-10-12 09:59:35 - [TEST_STEP][PASSED] - selectedStates[i] = findTestData("TestData_Sheet2").getValue(i + 2, rowNum): null

2022-10-12 09:59:36 - [TEST_STEP][PASSED] - println(selectedStates): null

2022-10-12 09:59:36 - [TEST_STEP][PASSED] - callTestCase(findTestCase("Intermediate/Prerequisite1_Access_Immediate"), [:], STOP_ON_FAILURE): Call Test Case 'Test Cases/Intermediate/Prerequisite1_Access_Immediate' successfully

2022-10-12 09:59:36 - [TEST_CASE][PASSED] - Test Cases/Intermediate/Prerequisite1_Access_Immediate: Test Cases/Intermediate/Prerequisite1_Access_Immediate

2022-10-12 09:59:36 - [TEST_STEP][PASSED] - callTestCase(findTestCase("Launch_seleniumeasy_page"), [:], STOP_ON_FAILURE): Call Test Case 'Test Cases/Launch_seleniumeasy_page' successfully

2022-10-12 09:59:36 - [TEST_CASE][PASSED] - Test Cases/Launch_seleniumeasy_page: Test Cases/Launch_seleniumeasy_page

2022-10-12 09:59:36 - [TEST_STEP][PASSED] - openBrowser(""): Browser is opened with url: ''

2022-10-12 09:59:36 - [MESSAGE][WARNING] - A browser is already opened. Closing browser and opening a new one

2022-10-12 09:59:37 - [MESSAGE][INFO] - Starting 'Chrome' driver

2022-10-12 09:59:37 - [MESSAGE][INFO] - Action delay is set to 0 milliseconds

2022-10-12 09:59:40 - [MESSAGE][PASSED] - Browser is opened with url: ''

2022-10-12 09:59:40 - [TEST_STEP][PASSED] - maximizeWindow(): Current window maximized

2022-10-12 09:59:40 - [MESSAGE][PASSED] - Current window maximized

2022-10-12 09:59:40 - [TEST_STEP][PASSED] - navigateToUrl("https://demo.seleniumeasy.com/"): Navigate to 'https://demo.seleniumeasy.com/' successfully

2022-10-12 09:59:44 - [MESSAGE][PASSED] - Navigate to 'https://demo.seleniumeasy.com/' successfully

2022-10-12 09:59:44 - [MESSAGE][PASSED] - Call Test Case 'Test Cases/Launch_seleniumeasy_page' successfully

2022-10-12 09:59:44 - [TEST_STEP][PASSED] - if (verifyElementVisible(findTestObject("Main_page/Button_Start_Practicing"), OPTIONAL)): Object: 'Object Repository/Main_page/Button_Start_Practicing' is clicked on

2022-10-12 09:59:45 - [MESSAGE][PASSED] - Object 'Object Repository/Main_page/Button_Start_Practicing' is visible

2022-10-12 09:59:45 - [TEST_STEP][PASSED] - click(findTestObject("Main_page/Button_Start_Practicing")): Object: 'Object Repository/Main_page/Button_Start_Practicing' is clicked on

2022-10-12 09:59:45 - [MESSAGE][PASSED] - Object: 'Object Repository/Main_page/Button_Start_Practicing' is clicked on

2022-10-12 09:59:45 - [TEST_STEP][PASSED] - enhancedClick(findTestObject("Main_page/option_Intermediate")): Object: 'Object Repository/Main_page/option_Intermediate' is clicked on

2022-10-12 09:59:46 - [MESSAGE][PASSED] - Object: 'Object Repository/Main_page/option_Intermediate' is clicked on

2022-10-12 09:59:46 - [TEST_STEP][PASSED] - verifyElementVisible(findTestObject("Intermediate/text_Intermediate"), STOP_ON_FAILURE): Object 'Object Repository/Intermediate/text_Intermediate' is visible

2022-10-12 09:59:46 - [MESSAGE][PASSED] - Object 'Object Repository/Intermediate/text_Intermediate' is visible

2022-10-12 09:59:46 - [MESSAGE][PASSED] - Call Test Case 'Test Cases/Intermediate/Prerequisite1_Access_Immediate' successfully

2022-10-12 09:59:46 - [TEST_STEP][PASSED] - click(findTestObject("Intermediate/option_JQuerySelectDropdown")): Object: 'Object Repository/Intermediate/option_JQuerySelectDropdown' is clicked on

2022-10-12 09:59:48 - [MESSAGE][PASSED] - Object: 'Object Repository/Intermediate/option_JQuerySelectDropdown' is clicked on

2022-10-12 09:59:48 - [TEST_STEP][PASSED] - click(findTestObject("Intermediate/3_JQuery_Select _Dropdown/input_Select_States")): Object: 'Object Repository/Intermediate/3_JQuery_Select _Dropdown/input_Select_States' is clicked on

2022-10-12 09:59:48 - [MESSAGE][PASSED] - Object: 'Object Repository/Intermediate/3_JQuery_Select _Dropdown/input_Select_States' is clicked on

2022-10-12 09:59:48 - [TEST_STEP][PASSED] - for ([i = 0, i < arrayLength, (i++)]): All options with label 'Florida' are selected in object 'Object Repository/Intermediate/3_JQuery_Select _Dropdown/select_Select_State' 

2022-10-12 09:59:48 - [TEST_STEP][PASSED] - selectOptionByLabel(findTestObject("Intermediate/3_JQuery_Select _Dropdown/select_Select_State"), selectedStates[i], false): All options with label 'Alabama' are selected in object 'Object Repository/Intermediate/3_JQuery_Select _Dropdown/select_Select_State' 

2022-10-12 09:59:49 - [MESSAGE][PASSED] - All options with label 'Alabama' are selected in object 'Object Repository/Intermediate/3_JQuery_Select _Dropdown/select_Select_State' 

2022-10-12 09:59:49 - [TEST_STEP][PASSED] - selectOptionByLabel(findTestObject("Intermediate/3_JQuery_Select _Dropdown/select_Select_State"), selectedStates[i], false): All options with label 'Alaska' are selected in object 'Object Repository/Intermediate/3_JQuery_Select _Dropdown/select_Select_State' 

2022-10-12 09:59:50 - [MESSAGE][PASSED] - All options with label 'Alaska' are selected in object 'Object Repository/Intermediate/3_JQuery_Select _Dropdown/select_Select_State' 

2022-10-12 09:59:50 - [TEST_STEP][PASSED] - selectOptionByLabel(findTestObject("Intermediate/3_JQuery_Select _Dropdown/select_Select_State"), selectedStates[i], false): All options with label 'Arizona' are selected in object 'Object Repository/Intermediate/3_JQuery_Select _Dropdown/select_Select_State' 

2022-10-12 09:59:51 - [MESSAGE][PASSED] - All options with label 'Arizona' are selected in object 'Object Repository/Intermediate/3_JQuery_Select _Dropdown/select_Select_State' 

2022-10-12 09:59:51 - [TEST_STEP][PASSED] - selectOptionByLabel(findTestObject("Intermediate/3_JQuery_Select _Dropdown/select_Select_State"), selectedStates[i], false): All options with label 'Arkansas' are selected in object 'Object Repository/Intermediate/3_JQuery_Select _Dropdown/select_Select_State' 

2022-10-12 09:59:51 - [MESSAGE][PASSED] - All options with label 'Arkansas' are selected in object 'Object Repository/Intermediate/3_JQuery_Select _Dropdown/select_Select_State' 

2022-10-12 09:59:51 - [TEST_STEP][PASSED] - selectOptionByLabel(findTestObject("Intermediate/3_JQuery_Select _Dropdown/select_Select_State"), selectedStates[i], false): All options with label 'California' are selected in object 'Object Repository/Intermediate/3_JQuery_Select _Dropdown/select_Select_State' 

2022-10-12 09:59:52 - [MESSAGE][PASSED] - All options with label 'California' are selected in object 'Object Repository/Intermediate/3_JQuery_Select _Dropdown/select_Select_State' 

2022-10-12 09:59:52 - [TEST_STEP][PASSED] - selectOptionByLabel(findTestObject("Intermediate/3_JQuery_Select _Dropdown/select_Select_State"), selectedStates[i], false): All options with label 'Colorado' are selected in object 'Object Repository/Intermediate/3_JQuery_Select _Dropdown/select_Select_State' 

2022-10-12 09:59:53 - [MESSAGE][PASSED] - All options with label 'Colorado' are selected in object 'Object Repository/Intermediate/3_JQuery_Select _Dropdown/select_Select_State' 

2022-10-12 09:59:53 - [TEST_STEP][PASSED] - selectOptionByLabel(findTestObject("Intermediate/3_JQuery_Select _Dropdown/select_Select_State"), selectedStates[i], false): All options with label 'Connecticut' are selected in object 'Object Repository/Intermediate/3_JQuery_Select _Dropdown/select_Select_State' 

2022-10-12 09:59:54 - [MESSAGE][PASSED] - All options with label 'Connecticut' are selected in object 'Object Repository/Intermediate/3_JQuery_Select _Dropdown/select_Select_State' 

2022-10-12 09:59:54 - [TEST_STEP][PASSED] - selectOptionByLabel(findTestObject("Intermediate/3_JQuery_Select _Dropdown/select_Select_State"), selectedStates[i], false): All options with label 'Delaware' are selected in object 'Object Repository/Intermediate/3_JQuery_Select _Dropdown/select_Select_State' 

2022-10-12 09:59:55 - [MESSAGE][PASSED] - All options with label 'Delaware' are selected in object 'Object Repository/Intermediate/3_JQuery_Select _Dropdown/select_Select_State' 

2022-10-12 09:59:55 - [TEST_STEP][PASSED] - selectOptionByLabel(findTestObject("Intermediate/3_JQuery_Select _Dropdown/select_Select_State"), selectedStates[i], false): All options with label 'District Of Columbia' are selected in object 'Object Repository/Intermediate/3_JQuery_Select _Dropdown/select_Select_State' 

2022-10-12 09:59:55 - [MESSAGE][PASSED] - All options with label 'District Of Columbia' are selected in object 'Object Repository/Intermediate/3_JQuery_Select _Dropdown/select_Select_State' 

2022-10-12 09:59:55 - [TEST_STEP][PASSED] - selectOptionByLabel(findTestObject("Intermediate/3_JQuery_Select _Dropdown/select_Select_State"), selectedStates[i], false): All options with label 'Florida' are selected in object 'Object Repository/Intermediate/3_JQuery_Select _Dropdown/select_Select_State' 

2022-10-12 09:59:56 - [MESSAGE][PASSED] - All options with label 'Florida' are selected in object 'Object Repository/Intermediate/3_JQuery_Select _Dropdown/select_Select_State' 

2022-10-12 09:59:56 - [TEST_STEP][PASSED] - verifiedText = getText(findTestObject("Intermediate/3_JQuery_Select _Dropdown/verify_selected_states")): Text of object 'Object Repository/Intermediate/3_JQuery_Select _Dropdown/verify_selected_states' is: '×Alabama
×Alaska
×Arizona
×Arkansas
×California
×Colorado
×Connecticut
×Delaware
×District Of Columbia
×Florida'

2022-10-12 09:59:57 - [MESSAGE][PASSED] - Text of object 'Object Repository/Intermediate/3_JQuery_Select _Dropdown/verify_selected_states' is: '×Alabama
×Alaska
×Arizona
×Arkansas
×California
×Colorado
×Connecticut
×Delaware
×District Of Columbia
×Florida'

2022-10-12 09:59:57 - [TEST_STEP][PASSED] - for ([i = 0, i < arrayLength, (i++)]): Object 'Object Repository/Intermediate/3_JQuery_Select _Dropdown/verify_selected_states_dynamic' is visible

2022-10-12 09:59:57 - [TEST_STEP][PASSED] - println(selectedStates[i]): null

2022-10-12 09:59:57 - [TEST_STEP][PASSED] - verifyElementVisible(findTestObject("Intermediate/3_JQuery_Select _Dropdown/verify_selected_states_dynamic", ["verifiedState":selectedStates[i]])): Object 'Object Repository/Intermediate/3_JQuery_Select _Dropdown/verify_selected_states_dynamic' is visible

2022-10-12 09:59:57 - [MESSAGE][PASSED] - Object 'Object Repository/Intermediate/3_JQuery_Select _Dropdown/verify_selected_states_dynamic' is visible

2022-10-12 09:59:57 - [TEST_STEP][PASSED] - println(selectedStates[i]): null

2022-10-12 09:59:57 - [TEST_STEP][PASSED] - verifyElementVisible(findTestObject("Intermediate/3_JQuery_Select _Dropdown/verify_selected_states_dynamic", ["verifiedState":selectedStates[i]])): Object 'Object Repository/Intermediate/3_JQuery_Select _Dropdown/verify_selected_states_dynamic' is visible

2022-10-12 09:59:57 - [MESSAGE][PASSED] - Object 'Object Repository/Intermediate/3_JQuery_Select _Dropdown/verify_selected_states_dynamic' is visible

2022-10-12 09:59:57 - [TEST_STEP][PASSED] - println(selectedStates[i]): null

2022-10-12 09:59:57 - [TEST_STEP][PASSED] - verifyElementVisible(findTestObject("Intermediate/3_JQuery_Select _Dropdown/verify_selected_states_dynamic", ["verifiedState":selectedStates[i]])): Object 'Object Repository/Intermediate/3_JQuery_Select _Dropdown/verify_selected_states_dynamic' is visible

2022-10-12 09:59:58 - [MESSAGE][PASSED] - Object 'Object Repository/Intermediate/3_JQuery_Select _Dropdown/verify_selected_states_dynamic' is visible

2022-10-12 09:59:58 - [TEST_STEP][PASSED] - println(selectedStates[i]): null

2022-10-12 09:59:58 - [TEST_STEP][PASSED] - verifyElementVisible(findTestObject("Intermediate/3_JQuery_Select _Dropdown/verify_selected_states_dynamic", ["verifiedState":selectedStates[i]])): Object 'Object Repository/Intermediate/3_JQuery_Select _Dropdown/verify_selected_states_dynamic' is visible

2022-10-12 09:59:59 - [MESSAGE][PASSED] - Object 'Object Repository/Intermediate/3_JQuery_Select _Dropdown/verify_selected_states_dynamic' is visible

2022-10-12 09:59:59 - [TEST_STEP][PASSED] - println(selectedStates[i]): null

2022-10-12 09:59:59 - [TEST_STEP][PASSED] - verifyElementVisible(findTestObject("Intermediate/3_JQuery_Select _Dropdown/verify_selected_states_dynamic", ["verifiedState":selectedStates[i]])): Object 'Object Repository/Intermediate/3_JQuery_Select _Dropdown/verify_selected_states_dynamic' is visible

2022-10-12 09:59:59 - [MESSAGE][PASSED] - Object 'Object Repository/Intermediate/3_JQuery_Select _Dropdown/verify_selected_states_dynamic' is visible

2022-10-12 09:59:59 - [TEST_STEP][PASSED] - println(selectedStates[i]): null

2022-10-12 09:59:59 - [TEST_STEP][PASSED] - verifyElementVisible(findTestObject("Intermediate/3_JQuery_Select _Dropdown/verify_selected_states_dynamic", ["verifiedState":selectedStates[i]])): Object 'Object Repository/Intermediate/3_JQuery_Select _Dropdown/verify_selected_states_dynamic' is visible

2022-10-12 09:59:59 - [MESSAGE][PASSED] - Object 'Object Repository/Intermediate/3_JQuery_Select _Dropdown/verify_selected_states_dynamic' is visible

2022-10-12 09:59:59 - [TEST_STEP][PASSED] - println(selectedStates[i]): null

2022-10-12 09:59:59 - [TEST_STEP][PASSED] - verifyElementVisible(findTestObject("Intermediate/3_JQuery_Select _Dropdown/verify_selected_states_dynamic", ["verifiedState":selectedStates[i]])): Object 'Object Repository/Intermediate/3_JQuery_Select _Dropdown/verify_selected_states_dynamic' is visible

2022-10-12 10:00:00 - [MESSAGE][PASSED] - Object 'Object Repository/Intermediate/3_JQuery_Select _Dropdown/verify_selected_states_dynamic' is visible

2022-10-12 10:00:00 - [TEST_STEP][PASSED] - println(selectedStates[i]): null

2022-10-12 10:00:00 - [TEST_STEP][PASSED] - verifyElementVisible(findTestObject("Intermediate/3_JQuery_Select _Dropdown/verify_selected_states_dynamic", ["verifiedState":selectedStates[i]])): Object 'Object Repository/Intermediate/3_JQuery_Select _Dropdown/verify_selected_states_dynamic' is visible

2022-10-12 10:00:00 - [MESSAGE][PASSED] - Object 'Object Repository/Intermediate/3_JQuery_Select _Dropdown/verify_selected_states_dynamic' is visible

2022-10-12 10:00:00 - [TEST_STEP][PASSED] - println(selectedStates[i]): null

2022-10-12 10:00:00 - [TEST_STEP][PASSED] - verifyElementVisible(findTestObject("Intermediate/3_JQuery_Select _Dropdown/verify_selected_states_dynamic", ["verifiedState":selectedStates[i]])): Object 'Object Repository/Intermediate/3_JQuery_Select _Dropdown/verify_selected_states_dynamic' is visible

2022-10-12 10:00:01 - [MESSAGE][PASSED] - Object 'Object Repository/Intermediate/3_JQuery_Select _Dropdown/verify_selected_states_dynamic' is visible

2022-10-12 10:00:01 - [TEST_STEP][PASSED] - println(selectedStates[i]): null

2022-10-12 10:00:01 - [TEST_STEP][PASSED] - verifyElementVisible(findTestObject("Intermediate/3_JQuery_Select _Dropdown/verify_selected_states_dynamic", ["verifiedState":selectedStates[i]])): Object 'Object Repository/Intermediate/3_JQuery_Select _Dropdown/verify_selected_states_dynamic' is visible

2022-10-12 10:00:01 - [MESSAGE][PASSED] - Object 'Object Repository/Intermediate/3_JQuery_Select _Dropdown/verify_selected_states_dynamic' is visible

2022-10-12 10:00:01 - [TEST_STEP][PASSED] - if (findTestData("TestData_Sheet2").getValue(1, rowNum) == TestID): null

2022-10-12 10:00:01 - [TEST_STEP][PASSED] - if (findTestData("TestData_Sheet2").getValue(1, rowNum) == TestID): null

2022-10-12 10:00:01 - [TEST_STEP][PASSED] - if (findTestData("TestData_Sheet2").getValue(1, rowNum) == TestID): null

2022-10-12 10:00:01 - [TEST_STEP][PASSED] - if (findTestData("TestData_Sheet2").getValue(1, rowNum) == TestID): null

2022-10-12 10:00:01 - [TEST_STEP][PASSED] - if (findTestData("TestData_Sheet2").getValue(1, rowNum) == TestID): null

2022-10-12 10:00:01 - [TEST_STEP][PASSED] - if (findTestData("TestData_Sheet2").getValue(1, rowNum) == TestID): null

2022-10-12 10:00:01 - [TEST_STEP][PASSED] - if (findTestData("TestData_Sheet2").getValue(1, rowNum) == TestID): null

2022-10-12 10:00:02 - [TEST_STEP][PASSED] - if (findTestData("TestData_Sheet2").getValue(1, rowNum) == TestID): null]]></system-out>
         <system-err><![CDATA[]]></system-err>
      </testcase>
      <testcase name="Test Cases/Intermediate/3_JQuery_Select _Dropdown/JQSD4_Verify_Options_Enable_Disable" time="23.566" classname="Test Cases/Intermediate/3_JQuery_Select _Dropdown/JQSD4_Verify_Options_Enable_Disable" status="PASSED">
         <system-out><![CDATA[2022-10-12 10:00:02 - [TEST_CASE][PASSED] - Test Cases/Intermediate/3_JQuery_Select _Dropdown/JQSD4_Verify_Options_Enable_Disable: Test Cases/Intermediate/3_JQuery_Select _Dropdown/JQSD4_Verify_Options_Enable_Disable

2022-10-12 10:00:02 - [TEST_STEP][PASSED] - TestID = "TEST-00001": null

2022-10-12 10:00:02 - [TEST_STEP][PASSED] - FileTestData = "TestData_Sheet3": null

2022-10-12 10:00:02 - [TEST_STEP][PASSED] - territoriesList = ["American Samoa", "Guam", "Northern Mariana Islands", "Puerto Rico", "United States Minor Outlying Islands", "Virgin Islands"]: null

2022-10-12 10:00:02 - [TEST_STEP][PASSED] - enableColor1 = "rgba(255, 255, 255, 1)": null

2022-10-12 10:00:02 - [TEST_STEP][PASSED] - enableColor2 = "rgba(53, 53, 53, 1)": null

2022-10-12 10:00:02 - [TEST_STEP][PASSED] - disableColor = "rgba(153, 153, 153, 1)": null

2022-10-12 10:00:02 - [TEST_STEP][PASSED] - totalRow = findTestData(FileTestData).getRowNumbers(): null

2022-10-12 10:00:02 - [TEST_STEP][PASSED] - arrayLength = <not implemented yet for class: org.codehaus.groovy.ast.expr.EmptyExpression>: null

2022-10-12 10:00:02 - [TEST_STEP][PASSED] - rowNum = <not implemented yet for class: org.codehaus.groovy.ast.expr.EmptyExpression>: null

2022-10-12 10:00:02 - [TEST_STEP][PASSED] - for ([rowNum = 1, rowNum < totalRow, (rowNum++)]): null

2022-10-12 10:00:02 - [TEST_STEP][PASSED] - if (findTestData(FileTestData).getValue(1, rowNum) == TestID): null

2022-10-12 10:00:02 - [TEST_STEP][PASSED] - totalColumn = findTestData(FileTestData).getColumnNumbers(): null

2022-10-12 10:00:02 - [TEST_STEP][PASSED] - println("Total column is: " + totalColumn): null

2022-10-12 10:00:02 - [TEST_STEP][PASSED] - for ([i = 0, i < totalColumn - 1, (i++)]): null

2022-10-12 10:00:02 - [TEST_STEP][PASSED] - if (findTestData(FileTestData).getValue(i + 2, rowNum) == ""): null

2022-10-12 10:00:02 - [TEST_STEP][PASSED] - (arrayLength++): null

2022-10-12 10:00:02 - [TEST_STEP][PASSED] - if (findTestData(FileTestData).getValue(i + 2, rowNum) == ""): null

2022-10-12 10:00:03 - [TEST_STEP][PASSED] - (arrayLength++): null

2022-10-12 10:00:03 - [TEST_STEP][PASSED] - if (findTestData(FileTestData).getValue(i + 2, rowNum) == ""): null

2022-10-12 10:00:03 - [TEST_STEP][PASSED] - (arrayLength++): null

2022-10-12 10:00:03 - [TEST_STEP][PASSED] - if (findTestData(FileTestData).getValue(i + 2, rowNum) == ""): null

2022-10-12 10:00:03 - [TEST_STEP][PASSED] - (arrayLength++): null

2022-10-12 10:00:03 - [TEST_STEP][PASSED] - if (findTestData(FileTestData).getValue(i + 2, rowNum) == ""): null

2022-10-12 10:00:03 - [TEST_STEP][PASSED] - (arrayLength++): null

2022-10-12 10:00:03 - [TEST_STEP][PASSED] - if (findTestData(FileTestData).getValue(i + 2, rowNum) == ""): null

2022-10-12 10:00:03 - [TEST_STEP][PASSED] - (arrayLength++): null

2022-10-12 10:00:03 - [TEST_STEP][PASSED] - if (findTestData(FileTestData).getValue(1, rowNum) == TestID): null

2022-10-12 10:00:03 - [TEST_STEP][PASSED] - if (findTestData(FileTestData).getValue(1, rowNum) == TestID): null

2022-10-12 10:00:03 - [TEST_STEP][PASSED] - if (findTestData(FileTestData).getValue(1, rowNum) == TestID): null

2022-10-12 10:00:03 - [TEST_STEP][PASSED] - if (findTestData(FileTestData).getValue(1, rowNum) == TestID): null

2022-10-12 10:00:03 - [TEST_STEP][PASSED] - if (findTestData(FileTestData).getValue(1, rowNum) == TestID): null

2022-10-12 10:00:03 - [TEST_STEP][PASSED] - if (findTestData(FileTestData).getValue(1, rowNum) == TestID): null

2022-10-12 10:00:03 - [TEST_STEP][PASSED] - if (findTestData(FileTestData).getValue(1, rowNum) == TestID): null

2022-10-12 10:00:03 - [TEST_STEP][PASSED] - if (findTestData(FileTestData).getValue(1, rowNum) == TestID): null

2022-10-12 10:00:03 - [TEST_STEP][PASSED] - println("Array length is: " + arrayLength): null

2022-10-12 10:00:03 - [TEST_STEP][PASSED] - listOptions = []: null

2022-10-12 10:00:03 - [TEST_STEP][PASSED] - for ([i = 0, i < arrayLength, (i++)]): null

2022-10-12 10:00:03 - [TEST_STEP][PASSED] - if (findTestData(FileTestData).getValue(i + 2, rowNum) == ""): null

2022-10-12 10:00:03 - [TEST_STEP][PASSED] - listOptions[i] = findTestData(FileTestData).getValue(i + 2, rowNum): null

2022-10-12 10:00:03 - [TEST_STEP][PASSED] - println("Value is: " + findTestData(FileTestData).getValue(i + 2, rowNum)): null

2022-10-12 10:00:03 - [TEST_STEP][PASSED] - if (findTestData(FileTestData).getValue(i + 2, rowNum) == ""): null

2022-10-12 10:00:03 - [TEST_STEP][PASSED] - listOptions[i] = findTestData(FileTestData).getValue(i + 2, rowNum): null

2022-10-12 10:00:04 - [TEST_STEP][PASSED] - println("Value is: " + findTestData(FileTestData).getValue(i + 2, rowNum)): null

2022-10-12 10:00:04 - [TEST_STEP][PASSED] - if (findTestData(FileTestData).getValue(i + 2, rowNum) == ""): null

2022-10-12 10:00:04 - [TEST_STEP][PASSED] - listOptions[i] = findTestData(FileTestData).getValue(i + 2, rowNum): null

2022-10-12 10:00:04 - [TEST_STEP][PASSED] - println("Value is: " + findTestData(FileTestData).getValue(i + 2, rowNum)): null

2022-10-12 10:00:04 - [TEST_STEP][PASSED] - if (findTestData(FileTestData).getValue(i + 2, rowNum) == ""): null

2022-10-12 10:00:04 - [TEST_STEP][PASSED] - listOptions[i] = findTestData(FileTestData).getValue(i + 2, rowNum): null

2022-10-12 10:00:04 - [TEST_STEP][PASSED] - println("Value is: " + findTestData(FileTestData).getValue(i + 2, rowNum)): null

2022-10-12 10:00:04 - [TEST_STEP][PASSED] - if (findTestData(FileTestData).getValue(i + 2, rowNum) == ""): null

2022-10-12 10:00:04 - [TEST_STEP][PASSED] - listOptions[i] = findTestData(FileTestData).getValue(i + 2, rowNum): null

2022-10-12 10:00:04 - [TEST_STEP][PASSED] - println("Value is: " + findTestData(FileTestData).getValue(i + 2, rowNum)): null

2022-10-12 10:00:04 - [TEST_STEP][PASSED] - if (findTestData(FileTestData).getValue(i + 2, rowNum) == ""): null

2022-10-12 10:00:05 - [TEST_STEP][PASSED] - listOptions[i] = findTestData(FileTestData).getValue(i + 2, rowNum): null

2022-10-12 10:00:05 - [TEST_STEP][PASSED] - println("Value is: " + findTestData(FileTestData).getValue(i + 2, rowNum)): null

2022-10-12 10:00:05 - [TEST_STEP][PASSED] - callTestCase(findTestCase("Intermediate/Prerequisite1_Access_Immediate"), [:], STOP_ON_FAILURE): Call Test Case 'Test Cases/Intermediate/Prerequisite1_Access_Immediate' successfully

2022-10-12 10:00:05 - [TEST_CASE][PASSED] - Test Cases/Intermediate/Prerequisite1_Access_Immediate: Test Cases/Intermediate/Prerequisite1_Access_Immediate

2022-10-12 10:00:05 - [TEST_STEP][PASSED] - callTestCase(findTestCase("Launch_seleniumeasy_page"), [:], STOP_ON_FAILURE): Call Test Case 'Test Cases/Launch_seleniumeasy_page' successfully

2022-10-12 10:00:05 - [TEST_CASE][PASSED] - Test Cases/Launch_seleniumeasy_page: Test Cases/Launch_seleniumeasy_page

2022-10-12 10:00:05 - [TEST_STEP][PASSED] - openBrowser(""): Browser is opened with url: ''

2022-10-12 10:00:05 - [MESSAGE][WARNING] - A browser is already opened. Closing browser and opening a new one

2022-10-12 10:00:07 - [MESSAGE][INFO] - Starting 'Chrome' driver

2022-10-12 10:00:07 - [MESSAGE][INFO] - Action delay is set to 0 milliseconds

2022-10-12 10:00:09 - [MESSAGE][PASSED] - Browser is opened with url: ''

2022-10-12 10:00:09 - [TEST_STEP][PASSED] - maximizeWindow(): Current window maximized

2022-10-12 10:00:10 - [MESSAGE][PASSED] - Current window maximized

2022-10-12 10:00:10 - [TEST_STEP][PASSED] - navigateToUrl("https://demo.seleniumeasy.com/"): Navigate to 'https://demo.seleniumeasy.com/' successfully

2022-10-12 10:00:16 - [MESSAGE][PASSED] - Navigate to 'https://demo.seleniumeasy.com/' successfully

2022-10-12 10:00:16 - [MESSAGE][PASSED] - Call Test Case 'Test Cases/Launch_seleniumeasy_page' successfully

2022-10-12 10:00:16 - [TEST_STEP][PASSED] - if (verifyElementVisible(findTestObject("Main_page/Button_Start_Practicing"), OPTIONAL)): Object: 'Object Repository/Main_page/Button_Start_Practicing' is clicked on

2022-10-12 10:00:16 - [MESSAGE][PASSED] - Object 'Object Repository/Main_page/Button_Start_Practicing' is visible

2022-10-12 10:00:16 - [TEST_STEP][PASSED] - click(findTestObject("Main_page/Button_Start_Practicing")): Object: 'Object Repository/Main_page/Button_Start_Practicing' is clicked on

2022-10-12 10:00:17 - [MESSAGE][PASSED] - Object: 'Object Repository/Main_page/Button_Start_Practicing' is clicked on

2022-10-12 10:00:17 - [TEST_STEP][PASSED] - enhancedClick(findTestObject("Main_page/option_Intermediate")): Object: 'Object Repository/Main_page/option_Intermediate' is clicked on

2022-10-12 10:00:17 - [MESSAGE][PASSED] - Object: 'Object Repository/Main_page/option_Intermediate' is clicked on

2022-10-12 10:00:17 - [TEST_STEP][PASSED] - verifyElementVisible(findTestObject("Intermediate/text_Intermediate"), STOP_ON_FAILURE): Object 'Object Repository/Intermediate/text_Intermediate' is visible

2022-10-12 10:00:17 - [MESSAGE][PASSED] - Object 'Object Repository/Intermediate/text_Intermediate' is visible

2022-10-12 10:00:17 - [MESSAGE][PASSED] - Call Test Case 'Test Cases/Intermediate/Prerequisite1_Access_Immediate' successfully

2022-10-12 10:00:17 - [TEST_STEP][PASSED] - click(findTestObject("Intermediate/option_JQuerySelectDropdown")): Object: 'Object Repository/Intermediate/option_JQuerySelectDropdown' is clicked on

2022-10-12 10:00:20 - [MESSAGE][PASSED] - Object: 'Object Repository/Intermediate/option_JQuerySelectDropdown' is clicked on

2022-10-12 10:00:20 - [TEST_STEP][PASSED] - click(findTestObject("Intermediate/3_JQuery_Select _Dropdown/span_Select_US_Outlying_Territories")): Object: 'Object Repository/Intermediate/3_JQuery_Select _Dropdown/span_Select_US_Outlying_Territories' is clicked on

2022-10-12 10:00:20 - [MESSAGE][PASSED] - Object: 'Object Repository/Intermediate/3_JQuery_Select _Dropdown/span_Select_US_Outlying_Territories' is clicked on

2022-10-12 10:00:20 - [TEST_STEP][PASSED] - getAttributeValue = []: null

2022-10-12 10:00:20 - [TEST_STEP][PASSED] - for ([i = 0, i < length, (i++)]): null

2022-10-12 10:00:20 - [TEST_STEP][PASSED] - getAttributeValue[i] = getAttribute(findTestObject("Intermediate/3_JQuery_Select _Dropdown/li_territory_dynamic", ["territory":territoriesList[i]]), "aria-disabled"): Attribute 'aria-disabled' of object 'Object Repository/Intermediate/3_JQuery_Select _Dropdown/li_territory_dynamic' is: 'null'

2022-10-12 10:00:21 - [MESSAGE][PASSED] - Attribute 'aria-disabled' of object 'Object Repository/Intermediate/3_JQuery_Select _Dropdown/li_territory_dynamic' is: 'null'

2022-10-12 10:00:21 - [TEST_STEP][PASSED] - if (getAttributeValue[i] == "true"): null

2022-10-12 10:00:21 - [TEST_STEP][PASSED] - else: null

2022-10-12 10:00:21 - [TEST_STEP][PASSED] - getAttributeValue[i] = "enable": null

2022-10-12 10:00:21 - [TEST_STEP][PASSED] - getAttributeValue[i] = getAttribute(findTestObject("Intermediate/3_JQuery_Select _Dropdown/li_territory_dynamic", ["territory":territoriesList[i]]), "aria-disabled"): Attribute 'aria-disabled' of object 'Object Repository/Intermediate/3_JQuery_Select _Dropdown/li_territory_dynamic' is: 'true'

2022-10-12 10:00:21 - [MESSAGE][PASSED] - Attribute 'aria-disabled' of object 'Object Repository/Intermediate/3_JQuery_Select _Dropdown/li_territory_dynamic' is: 'true'

2022-10-12 10:00:21 - [TEST_STEP][PASSED] - if (getAttributeValue[i] == "true"): null

2022-10-12 10:00:21 - [TEST_STEP][PASSED] - getAttributeValue[i] = getAttribute(findTestObject("Intermediate/3_JQuery_Select _Dropdown/li_territory_dynamic", ["territory":territoriesList[i]]), "aria-disabled"): Attribute 'aria-disabled' of object 'Object Repository/Intermediate/3_JQuery_Select _Dropdown/li_territory_dynamic' is: 'null'

2022-10-12 10:00:21 - [MESSAGE][PASSED] - Attribute 'aria-disabled' of object 'Object Repository/Intermediate/3_JQuery_Select _Dropdown/li_territory_dynamic' is: 'null'

2022-10-12 10:00:21 - [TEST_STEP][PASSED] - if (getAttributeValue[i] == "true"): null

2022-10-12 10:00:21 - [TEST_STEP][PASSED] - else: null

2022-10-12 10:00:21 - [TEST_STEP][PASSED] - getAttributeValue[i] = "enable": null

2022-10-12 10:00:21 - [TEST_STEP][PASSED] - getAttributeValue[i] = getAttribute(findTestObject("Intermediate/3_JQuery_Select _Dropdown/li_territory_dynamic", ["territory":territoriesList[i]]), "aria-disabled"): Attribute 'aria-disabled' of object 'Object Repository/Intermediate/3_JQuery_Select _Dropdown/li_territory_dynamic' is: 'null'

2022-10-12 10:00:22 - [MESSAGE][PASSED] - Attribute 'aria-disabled' of object 'Object Repository/Intermediate/3_JQuery_Select _Dropdown/li_territory_dynamic' is: 'null'

2022-10-12 10:00:22 - [TEST_STEP][PASSED] - if (getAttributeValue[i] == "true"): null

2022-10-12 10:00:22 - [TEST_STEP][PASSED] - else: null

2022-10-12 10:00:22 - [TEST_STEP][PASSED] - getAttributeValue[i] = "enable": null

2022-10-12 10:00:22 - [TEST_STEP][PASSED] - getAttributeValue[i] = getAttribute(findTestObject("Intermediate/3_JQuery_Select _Dropdown/li_territory_dynamic", ["territory":territoriesList[i]]), "aria-disabled"): Attribute 'aria-disabled' of object 'Object Repository/Intermediate/3_JQuery_Select _Dropdown/li_territory_dynamic' is: 'true'

2022-10-12 10:00:22 - [MESSAGE][PASSED] - Attribute 'aria-disabled' of object 'Object Repository/Intermediate/3_JQuery_Select _Dropdown/li_territory_dynamic' is: 'true'

2022-10-12 10:00:22 - [TEST_STEP][PASSED] - if (getAttributeValue[i] == "true"): null

2022-10-12 10:00:22 - [TEST_STEP][PASSED] - getAttributeValue[i] = getAttribute(findTestObject("Intermediate/3_JQuery_Select _Dropdown/li_territory_dynamic", ["territory":territoriesList[i]]), "aria-disabled"): Attribute 'aria-disabled' of object 'Object Repository/Intermediate/3_JQuery_Select _Dropdown/li_territory_dynamic' is: 'null'

2022-10-12 10:00:23 - [MESSAGE][PASSED] - Attribute 'aria-disabled' of object 'Object Repository/Intermediate/3_JQuery_Select _Dropdown/li_territory_dynamic' is: 'null'

2022-10-12 10:00:23 - [TEST_STEP][PASSED] - if (getAttributeValue[i] == "true"): null

2022-10-12 10:00:23 - [TEST_STEP][PASSED] - else: null

2022-10-12 10:00:23 - [TEST_STEP][PASSED] - getAttributeValue[i] = "enable": null

2022-10-12 10:00:23 - [TEST_STEP][PASSED] - getCSSValue = []: null

2022-10-12 10:00:23 - [TEST_STEP][PASSED] - for ([i = 0, i < length, (i++)]): null

2022-10-12 10:00:23 - [TEST_STEP][PASSED] - getCSSValue[i] = getCSSValue(findTestObject("Intermediate/3_JQuery_Select _Dropdown/li_territory_dynamic", ["territory":territoriesList[i]]), "color"): Get CSS 'color' value on 'Object Repository/Intermediate/3_JQuery_Select _Dropdown/li_territory_dynamic' successfully: 'rgba(255, 255, 255, 1)'.

2022-10-12 10:00:23 - [MESSAGE][PASSED] - Get CSS 'color' value on 'Object Repository/Intermediate/3_JQuery_Select _Dropdown/li_territory_dynamic' successfully: 'rgba(255, 255, 255, 1)'.

2022-10-12 10:00:23 - [TEST_STEP][PASSED] - if (getCSSValue[i] == enableColor1 || getCSSValue[i] == enableColor2): null

2022-10-12 10:00:23 - [TEST_STEP][PASSED] - getCSSValue[i] = getCSSValue(findTestObject("Intermediate/3_JQuery_Select _Dropdown/li_territory_dynamic", ["territory":territoriesList[i]]), "color"): Get CSS 'color' value on 'Object Repository/Intermediate/3_JQuery_Select _Dropdown/li_territory_dynamic' successfully: 'rgba(153, 153, 153, 1)'.

2022-10-12 10:00:24 - [MESSAGE][PASSED] - Get CSS 'color' value on 'Object Repository/Intermediate/3_JQuery_Select _Dropdown/li_territory_dynamic' successfully: 'rgba(153, 153, 153, 1)'.

2022-10-12 10:00:24 - [TEST_STEP][PASSED] - if (getCSSValue[i] == enableColor1 || getCSSValue[i] == enableColor2): null

2022-10-12 10:00:24 - [TEST_STEP][PASSED] - getCSSValue[i] = getCSSValue(findTestObject("Intermediate/3_JQuery_Select _Dropdown/li_territory_dynamic", ["territory":territoriesList[i]]), "color"): Get CSS 'color' value on 'Object Repository/Intermediate/3_JQuery_Select _Dropdown/li_territory_dynamic' successfully: 'rgba(53, 53, 53, 1)'.

2022-10-12 10:00:24 - [MESSAGE][PASSED] - Get CSS 'color' value on 'Object Repository/Intermediate/3_JQuery_Select _Dropdown/li_territory_dynamic' successfully: 'rgba(53, 53, 53, 1)'.

2022-10-12 10:00:24 - [TEST_STEP][PASSED] - if (getCSSValue[i] == enableColor1 || getCSSValue[i] == enableColor2): null

2022-10-12 10:00:24 - [TEST_STEP][PASSED] - getCSSValue[i] = getCSSValue(findTestObject("Intermediate/3_JQuery_Select _Dropdown/li_territory_dynamic", ["territory":territoriesList[i]]), "color"): Get CSS 'color' value on 'Object Repository/Intermediate/3_JQuery_Select _Dropdown/li_territory_dynamic' successfully: 'rgba(53, 53, 53, 1)'.

2022-10-12 10:00:24 - [MESSAGE][PASSED] - Get CSS 'color' value on 'Object Repository/Intermediate/3_JQuery_Select _Dropdown/li_territory_dynamic' successfully: 'rgba(53, 53, 53, 1)'.

2022-10-12 10:00:24 - [TEST_STEP][PASSED] - if (getCSSValue[i] == enableColor1 || getCSSValue[i] == enableColor2): null

2022-10-12 10:00:24 - [TEST_STEP][PASSED] - getCSSValue[i] = getCSSValue(findTestObject("Intermediate/3_JQuery_Select _Dropdown/li_territory_dynamic", ["territory":territoriesList[i]]), "color"): Get CSS 'color' value on 'Object Repository/Intermediate/3_JQuery_Select _Dropdown/li_territory_dynamic' successfully: 'rgba(153, 153, 153, 1)'.

2022-10-12 10:00:25 - [MESSAGE][PASSED] - Get CSS 'color' value on 'Object Repository/Intermediate/3_JQuery_Select _Dropdown/li_territory_dynamic' successfully: 'rgba(153, 153, 153, 1)'.

2022-10-12 10:00:25 - [TEST_STEP][PASSED] - if (getCSSValue[i] == enableColor1 || getCSSValue[i] == enableColor2): null

2022-10-12 10:00:25 - [TEST_STEP][PASSED] - getCSSValue[i] = getCSSValue(findTestObject("Intermediate/3_JQuery_Select _Dropdown/li_territory_dynamic", ["territory":territoriesList[i]]), "color"): Get CSS 'color' value on 'Object Repository/Intermediate/3_JQuery_Select _Dropdown/li_territory_dynamic' successfully: 'rgba(53, 53, 53, 1)'.

2022-10-12 10:00:25 - [MESSAGE][PASSED] - Get CSS 'color' value on 'Object Repository/Intermediate/3_JQuery_Select _Dropdown/li_territory_dynamic' successfully: 'rgba(53, 53, 53, 1)'.

2022-10-12 10:00:25 - [TEST_STEP][PASSED] - if (getCSSValue[i] == enableColor1 || getCSSValue[i] == enableColor2): null

2022-10-12 10:00:25 - [TEST_STEP][PASSED] - for ([i = 0, i < length, (i++)]): Actual object 'enable' and expected object 'enable' are equal

2022-10-12 10:00:25 - [TEST_STEP][PASSED] - verifyEqual(getAttributeValue[i], listOptions[i]): Actual object 'enable' and expected object 'enable' are equal

2022-10-12 10:00:25 - [MESSAGE][PASSED] - Actual object 'enable' and expected object 'enable' are equal

2022-10-12 10:00:25 - [TEST_STEP][PASSED] - verifyEqual(getCSSValue[i], listOptions[i]): Actual object 'enable' and expected object 'enable' are equal

2022-10-12 10:00:25 - [MESSAGE][PASSED] - Actual object 'enable' and expected object 'enable' are equal

2022-10-12 10:00:25 - [TEST_STEP][PASSED] - verifyEqual(getAttributeValue[i], listOptions[i]): Actual object 'disable' and expected object 'disable' are equal

2022-10-12 10:00:25 - [MESSAGE][PASSED] - Actual object 'disable' and expected object 'disable' are equal

2022-10-12 10:00:25 - [TEST_STEP][PASSED] - verifyEqual(getCSSValue[i], listOptions[i]): Actual object 'disable' and expected object 'disable' are equal

2022-10-12 10:00:25 - [MESSAGE][PASSED] - Actual object 'disable' and expected object 'disable' are equal

2022-10-12 10:00:25 - [TEST_STEP][PASSED] - verifyEqual(getAttributeValue[i], listOptions[i]): Actual object 'enable' and expected object 'enable' are equal

2022-10-12 10:00:25 - [MESSAGE][PASSED] - Actual object 'enable' and expected object 'enable' are equal

2022-10-12 10:00:25 - [TEST_STEP][PASSED] - verifyEqual(getCSSValue[i], listOptions[i]): Actual object 'enable' and expected object 'enable' are equal

2022-10-12 10:00:25 - [MESSAGE][PASSED] - Actual object 'enable' and expected object 'enable' are equal

2022-10-12 10:00:25 - [TEST_STEP][PASSED] - verifyEqual(getAttributeValue[i], listOptions[i]): Actual object 'enable' and expected object 'enable' are equal

2022-10-12 10:00:25 - [MESSAGE][PASSED] - Actual object 'enable' and expected object 'enable' are equal

2022-10-12 10:00:25 - [TEST_STEP][PASSED] - verifyEqual(getCSSValue[i], listOptions[i]): Actual object 'enable' and expected object 'enable' are equal

2022-10-12 10:00:25 - [MESSAGE][PASSED] - Actual object 'enable' and expected object 'enable' are equal

2022-10-12 10:00:25 - [TEST_STEP][PASSED] - verifyEqual(getAttributeValue[i], listOptions[i]): Actual object 'disable' and expected object 'disable' are equal

2022-10-12 10:00:25 - [MESSAGE][PASSED] - Actual object 'disable' and expected object 'disable' are equal

2022-10-12 10:00:25 - [TEST_STEP][PASSED] - verifyEqual(getCSSValue[i], listOptions[i]): Actual object 'disable' and expected object 'disable' are equal

2022-10-12 10:00:25 - [MESSAGE][PASSED] - Actual object 'disable' and expected object 'disable' are equal

2022-10-12 10:00:25 - [TEST_STEP][PASSED] - verifyEqual(getAttributeValue[i], listOptions[i]): Actual object 'enable' and expected object 'enable' are equal

2022-10-12 10:00:25 - [MESSAGE][PASSED] - Actual object 'enable' and expected object 'enable' are equal

2022-10-12 10:00:25 - [TEST_STEP][PASSED] - verifyEqual(getCSSValue[i], listOptions[i]): Actual object 'enable' and expected object 'enable' are equal

2022-10-12 10:00:25 - [MESSAGE][PASSED] - Actual object 'enable' and expected object 'enable' are equal]]></system-out>
         <system-err><![CDATA[]]></system-err>
      </testcase>
      <testcase name="Test Cases/Intermediate/3_JQuery_Select _Dropdown/JQSD5_Select_File" time="28.776" classname="Test Cases/Intermediate/3_JQuery_Select _Dropdown/JQSD5_Select_File" status="PASSED">
         <system-out><![CDATA[2022-10-12 10:00:25 - [TEST_CASE][PASSED] - Test Cases/Intermediate/3_JQuery_Select _Dropdown/JQSD5_Select_File: Test Cases/Intermediate/3_JQuery_Select _Dropdown/JQSD5_Select_File

2022-10-12 10:00:26 - [TEST_STEP][PASSED] - TestID = "TEST-00001": null

2022-10-12 10:00:26 - [TEST_STEP][PASSED] - FileTestData = "TestData_Sheet4": null

2022-10-12 10:00:26 - [TEST_STEP][PASSED] - totalRow = findTestData(FileTestData).getRowNumbers(): null

2022-10-12 10:00:26 - [TEST_STEP][PASSED] - totalColumn = findTestData(FileTestData).getColumnNumbers(): null

2022-10-12 10:00:26 - [TEST_STEP][PASSED] - arrayLength = 0: null

2022-10-12 10:00:26 - [TEST_STEP][PASSED] - for ([rowNum = 1, rowNum < totalRow, (rowNum++)]): null

2022-10-12 10:00:26 - [TEST_STEP][PASSED] - if (findTestData(FileTestData).getValue(1, rowNum) == TestID): null

2022-10-12 10:00:26 - [TEST_STEP][PASSED] - for ([i = 0, i < totalColumn - 1, (i++)]): null

2022-10-12 10:00:26 - [TEST_STEP][PASSED] - if (findTestData(FileTestData).getValue(i + 2, rowNum) == ""): null

2022-10-12 10:00:26 - [TEST_STEP][PASSED] - (arrayLength++): null

2022-10-12 10:00:26 - [TEST_STEP][PASSED] - if (findTestData(FileTestData).getValue(i + 2, rowNum) == ""): null

2022-10-12 10:00:26 - [TEST_STEP][PASSED] - (arrayLength++): null

2022-10-12 10:00:26 - [TEST_STEP][PASSED] - if (findTestData(FileTestData).getValue(i + 2, rowNum) == ""): null

2022-10-12 10:00:27 - [TEST_STEP][PASSED] - (arrayLength++): null

2022-10-12 10:00:27 - [TEST_STEP][PASSED] - if (findTestData(FileTestData).getValue(1, rowNum) == TestID): null

2022-10-12 10:00:27 - [TEST_STEP][PASSED] - if (findTestData(FileTestData).getValue(1, rowNum) == TestID): null

2022-10-12 10:00:27 - [TEST_STEP][PASSED] - if (findTestData(FileTestData).getValue(1, rowNum) == TestID): null

2022-10-12 10:00:27 - [TEST_STEP][PASSED] - if (findTestData(FileTestData).getValue(1, rowNum) == TestID): null

2022-10-12 10:00:27 - [TEST_STEP][PASSED] - if (findTestData(FileTestData).getValue(1, rowNum) == TestID): null

2022-10-12 10:00:27 - [TEST_STEP][PASSED] - if (findTestData(FileTestData).getValue(1, rowNum) == TestID): null

2022-10-12 10:00:27 - [TEST_STEP][PASSED] - if (findTestData(FileTestData).getValue(1, rowNum) == TestID): null

2022-10-12 10:00:27 - [TEST_STEP][PASSED] - if (findTestData(FileTestData).getValue(1, rowNum) == TestID): null

2022-10-12 10:00:27 - [TEST_STEP][PASSED] - println("

Array length is: " + arrayLength + "

"): null

2022-10-12 10:00:27 - [TEST_STEP][PASSED] - listOptionGroups = []: null

2022-10-12 10:00:27 - [TEST_STEP][PASSED] - for ([rowNum = 1, rowNum < totalRow, (rowNum++)]): null

2022-10-12 10:00:27 - [TEST_STEP][PASSED] - if (findTestData(FileTestData).getValue(1, rowNum) == TestID): null

2022-10-12 10:00:27 - [TEST_STEP][PASSED] - for ([i = 0, i < arrayLength, (i++)]): null

2022-10-12 10:00:27 - [TEST_STEP][PASSED] - if (findTestData(FileTestData).getValue(i + 2, 1) == ""): null

2022-10-12 10:00:27 - [TEST_STEP][PASSED] - listOptionGroups[i] = findTestData(FileTestData).getValue(i + 2, rowNum): null

2022-10-12 10:00:28 - [TEST_STEP][PASSED] - if (findTestData(FileTestData).getValue(i + 2, 1) == ""): null

2022-10-12 10:00:28 - [TEST_STEP][PASSED] - listOptionGroups[i] = findTestData(FileTestData).getValue(i + 2, rowNum): null

2022-10-12 10:00:28 - [TEST_STEP][PASSED] - if (findTestData(FileTestData).getValue(i + 2, 1) == ""): null

2022-10-12 10:00:28 - [TEST_STEP][PASSED] - listOptionGroups[i] = findTestData(FileTestData).getValue(i + 2, rowNum): null

2022-10-12 10:00:28 - [TEST_STEP][PASSED] - if (findTestData(FileTestData).getValue(1, rowNum) == TestID): null

2022-10-12 10:00:28 - [TEST_STEP][PASSED] - if (findTestData(FileTestData).getValue(1, rowNum) == TestID): null

2022-10-12 10:00:28 - [TEST_STEP][PASSED] - if (findTestData(FileTestData).getValue(1, rowNum) == TestID): null

2022-10-12 10:00:28 - [TEST_STEP][PASSED] - if (findTestData(FileTestData).getValue(1, rowNum) == TestID): null

2022-10-12 10:00:28 - [TEST_STEP][PASSED] - if (findTestData(FileTestData).getValue(1, rowNum) == TestID): null

2022-10-12 10:00:28 - [TEST_STEP][PASSED] - if (findTestData(FileTestData).getValue(1, rowNum) == TestID): null

2022-10-12 10:00:28 - [TEST_STEP][PASSED] - if (findTestData(FileTestData).getValue(1, rowNum) == TestID): null

2022-10-12 10:00:28 - [TEST_STEP][PASSED] - if (findTestData(FileTestData).getValue(1, rowNum) == TestID): null

2022-10-12 10:00:29 - [TEST_STEP][PASSED] - println(listOptionGroups): null

2022-10-12 10:00:29 - [TEST_STEP][PASSED] - callTestCase(findTestCase("Intermediate/Prerequisite1_Access_Immediate"), [:], STOP_ON_FAILURE): Call Test Case 'Test Cases/Intermediate/Prerequisite1_Access_Immediate' successfully

2022-10-12 10:00:29 - [TEST_CASE][PASSED] - Test Cases/Intermediate/Prerequisite1_Access_Immediate: Test Cases/Intermediate/Prerequisite1_Access_Immediate

2022-10-12 10:00:29 - [TEST_STEP][PASSED] - callTestCase(findTestCase("Launch_seleniumeasy_page"), [:], STOP_ON_FAILURE): Call Test Case 'Test Cases/Launch_seleniumeasy_page' successfully

2022-10-12 10:00:29 - [TEST_CASE][PASSED] - Test Cases/Launch_seleniumeasy_page: Test Cases/Launch_seleniumeasy_page

2022-10-12 10:00:29 - [TEST_STEP][PASSED] - openBrowser(""): Browser is opened with url: ''

2022-10-12 10:00:29 - [MESSAGE][WARNING] - A browser is already opened. Closing browser and opening a new one

2022-10-12 10:00:30 - [MESSAGE][INFO] - Starting 'Chrome' driver

2022-10-12 10:00:30 - [MESSAGE][INFO] - Action delay is set to 0 milliseconds

2022-10-12 10:00:33 - [MESSAGE][PASSED] - Browser is opened with url: ''

2022-10-12 10:00:33 - [TEST_STEP][PASSED] - maximizeWindow(): Current window maximized

2022-10-12 10:00:33 - [MESSAGE][PASSED] - Current window maximized

2022-10-12 10:00:33 - [TEST_STEP][PASSED] - navigateToUrl("https://demo.seleniumeasy.com/"): Navigate to 'https://demo.seleniumeasy.com/' successfully

2022-10-12 10:00:38 - [MESSAGE][PASSED] - Navigate to 'https://demo.seleniumeasy.com/' successfully

2022-10-12 10:00:38 - [MESSAGE][PASSED] - Call Test Case 'Test Cases/Launch_seleniumeasy_page' successfully

2022-10-12 10:00:38 - [TEST_STEP][PASSED] - if (verifyElementVisible(findTestObject("Main_page/Button_Start_Practicing"), OPTIONAL)): Object: 'Object Repository/Main_page/Button_Start_Practicing' is clicked on

2022-10-12 10:00:39 - [MESSAGE][PASSED] - Object 'Object Repository/Main_page/Button_Start_Practicing' is visible

2022-10-12 10:00:39 - [TEST_STEP][PASSED] - click(findTestObject("Main_page/Button_Start_Practicing")): Object: 'Object Repository/Main_page/Button_Start_Practicing' is clicked on

2022-10-12 10:00:39 - [MESSAGE][PASSED] - Object: 'Object Repository/Main_page/Button_Start_Practicing' is clicked on

2022-10-12 10:00:39 - [TEST_STEP][PASSED] - enhancedClick(findTestObject("Main_page/option_Intermediate")): Object: 'Object Repository/Main_page/option_Intermediate' is clicked on

2022-10-12 10:00:39 - [MESSAGE][PASSED] - Object: 'Object Repository/Main_page/option_Intermediate' is clicked on

2022-10-12 10:00:39 - [TEST_STEP][PASSED] - verifyElementVisible(findTestObject("Intermediate/text_Intermediate"), STOP_ON_FAILURE): Object 'Object Repository/Intermediate/text_Intermediate' is visible

2022-10-12 10:00:40 - [MESSAGE][PASSED] - Object 'Object Repository/Intermediate/text_Intermediate' is visible

2022-10-12 10:00:40 - [MESSAGE][PASSED] - Call Test Case 'Test Cases/Intermediate/Prerequisite1_Access_Immediate' successfully

2022-10-12 10:00:40 - [TEST_STEP][PASSED] - click(findTestObject("Intermediate/option_JQuerySelectDropdown")): Object: 'Object Repository/Intermediate/option_JQuerySelectDropdown' is clicked on

2022-10-12 10:00:42 - [MESSAGE][PASSED] - Object: 'Object Repository/Intermediate/option_JQuerySelectDropdown' is clicked on

2022-10-12 10:00:42 - [TEST_STEP][PASSED] - for ([i = 0, i < length, (i++)]): null

2022-10-12 10:00:42 - [TEST_STEP][PASSED] - result = verifyElementPresent(findTestObject("Intermediate/3_JQuery_Select _Dropdown/option_group_Files", ["optionGroup":listOptionGroups[i]]), 3): Object 'Object Repository/Intermediate/3_JQuery_Select _Dropdown/option_group_Files' is present

2022-10-12 10:00:42 - [MESSAGE][PASSED] - Object 'Object Repository/Intermediate/3_JQuery_Select _Dropdown/option_group_Files' is present

2022-10-12 10:00:42 - [TEST_STEP][PASSED] - if (result == true): null

2022-10-12 10:00:42 - [TEST_STEP][PASSED] - println("Option group named " + listOptionGroups[i] + " is present"): null

2022-10-12 10:00:42 - [TEST_STEP][PASSED] - result = verifyElementPresent(findTestObject("Intermediate/3_JQuery_Select _Dropdown/option_group_Files", ["optionGroup":listOptionGroups[i]]), 3): Object 'Object Repository/Intermediate/3_JQuery_Select _Dropdown/option_group_Files' is present

2022-10-12 10:00:42 - [MESSAGE][PASSED] - Object 'Object Repository/Intermediate/3_JQuery_Select _Dropdown/option_group_Files' is present

2022-10-12 10:00:42 - [TEST_STEP][PASSED] - if (result == true): null

2022-10-12 10:00:42 - [TEST_STEP][PASSED] - println("Option group named " + listOptionGroups[i] + " is present"): null

2022-10-12 10:00:42 - [TEST_STEP][PASSED] - result = verifyElementPresent(findTestObject("Intermediate/3_JQuery_Select _Dropdown/option_group_Files", ["optionGroup":listOptionGroups[i]]), 3): Object 'Object Repository/Intermediate/3_JQuery_Select _Dropdown/option_group_Files' is present

2022-10-12 10:00:43 - [MESSAGE][PASSED] - Object 'Object Repository/Intermediate/3_JQuery_Select _Dropdown/option_group_Files' is present

2022-10-12 10:00:43 - [TEST_STEP][PASSED] - if (result == true): null

2022-10-12 10:00:43 - [TEST_STEP][PASSED] - println("Option group named " + listOptionGroups[i] + " is present"): null

2022-10-12 10:00:43 - [TEST_STEP][PASSED] - TestID = "TEST-00002": null

2022-10-12 10:00:43 - [TEST_STEP][PASSED] - optionGroup = "Scripting languages": null

2022-10-12 10:00:43 - [TEST_STEP][PASSED] - arrayLength = 0: null

2022-10-12 10:00:43 - [TEST_STEP][PASSED] - for ([rowNum = 1, rowNum < totalRow, (rowNum++)]): null

2022-10-12 10:00:43 - [TEST_STEP][PASSED] - if (findTestData(FileTestData).getValue(1, rowNum) == TestID): null

2022-10-12 10:00:43 - [TEST_STEP][PASSED] - if (findTestData(FileTestData).getValue(1, rowNum) == TestID): null

2022-10-12 10:00:43 - [TEST_STEP][PASSED] - for ([i = 0, i < totalColumn - 1, (i++)]): null

2022-10-12 10:00:43 - [TEST_STEP][PASSED] - if (findTestData(FileTestData).getValue(i + 2, rowNum) == ""): null

2022-10-12 10:00:43 - [TEST_STEP][PASSED] - (arrayLength++): null

2022-10-12 10:00:43 - [TEST_STEP][PASSED] - if (findTestData(FileTestData).getValue(i + 2, rowNum) == ""): null

2022-10-12 10:00:43 - [TEST_STEP][PASSED] - (arrayLength++): null

2022-10-12 10:00:43 - [TEST_STEP][PASSED] - if (findTestData(FileTestData).getValue(i + 2, rowNum) == ""): null

2022-10-12 10:00:44 - [TEST_STEP][PASSED] - (arrayLength++): null

2022-10-12 10:00:44 - [TEST_STEP][PASSED] - if (findTestData(FileTestData).getValue(1, rowNum) == TestID): null

2022-10-12 10:00:44 - [TEST_STEP][PASSED] - if (findTestData(FileTestData).getValue(1, rowNum) == TestID): null

2022-10-12 10:00:44 - [TEST_STEP][PASSED] - if (findTestData(FileTestData).getValue(1, rowNum) == TestID): null

2022-10-12 10:00:44 - [TEST_STEP][PASSED] - if (findTestData(FileTestData).getValue(1, rowNum) == TestID): null

2022-10-12 10:00:44 - [TEST_STEP][PASSED] - if (findTestData(FileTestData).getValue(1, rowNum) == TestID): null

2022-10-12 10:00:44 - [TEST_STEP][PASSED] - if (findTestData(FileTestData).getValue(1, rowNum) == TestID): null

2022-10-12 10:00:44 - [TEST_STEP][PASSED] - if (findTestData(FileTestData).getValue(1, rowNum) == TestID): null

2022-10-12 10:00:44 - [TEST_STEP][PASSED] - println("

Array length is: " + arrayLength + "

"): null

2022-10-12 10:00:44 - [TEST_STEP][PASSED] - listOptionScriptings = []: null

2022-10-12 10:00:44 - [TEST_STEP][PASSED] - for ([rowNum = 1, rowNum < totalRow, (rowNum++)]): null

2022-10-12 10:00:44 - [TEST_STEP][PASSED] - if (findTestData(FileTestData).getValue(1, rowNum) == TestID): null

2022-10-12 10:00:44 - [TEST_STEP][PASSED] - if (findTestData(FileTestData).getValue(1, rowNum) == TestID): null

2022-10-12 10:00:44 - [TEST_STEP][PASSED] - for ([i = 0, i < arrayLength, (i++)]): null

2022-10-12 10:00:44 - [TEST_STEP][PASSED] - if (findTestData(FileTestData).getValue(i + 2, 1) == ""): null

2022-10-12 10:00:44 - [TEST_STEP][PASSED] - listOptionScriptings[i] = findTestData(FileTestData).getValue(i + 2, rowNum): null

2022-10-12 10:00:44 - [TEST_STEP][PASSED] - if (findTestData(FileTestData).getValue(i + 2, 1) == ""): null

2022-10-12 10:00:45 - [TEST_STEP][PASSED] - listOptionScriptings[i] = findTestData(FileTestData).getValue(i + 2, rowNum): null

2022-10-12 10:00:45 - [TEST_STEP][PASSED] - if (findTestData(FileTestData).getValue(i + 2, 1) == ""): null

2022-10-12 10:00:45 - [TEST_STEP][PASSED] - listOptionScriptings[i] = findTestData(FileTestData).getValue(i + 2, rowNum): null

2022-10-12 10:00:45 - [TEST_STEP][PASSED] - if (findTestData(FileTestData).getValue(1, rowNum) == TestID): null

2022-10-12 10:00:45 - [TEST_STEP][PASSED] - if (findTestData(FileTestData).getValue(1, rowNum) == TestID): null

2022-10-12 10:00:45 - [TEST_STEP][PASSED] - if (findTestData(FileTestData).getValue(1, rowNum) == TestID): null

2022-10-12 10:00:45 - [TEST_STEP][PASSED] - if (findTestData(FileTestData).getValue(1, rowNum) == TestID): null

2022-10-12 10:00:45 - [TEST_STEP][PASSED] - if (findTestData(FileTestData).getValue(1, rowNum) == TestID): null

2022-10-12 10:00:45 - [TEST_STEP][PASSED] - if (findTestData(FileTestData).getValue(1, rowNum) == TestID): null

2022-10-12 10:00:45 - [TEST_STEP][PASSED] - if (findTestData(FileTestData).getValue(1, rowNum) == TestID): null

2022-10-12 10:00:45 - [TEST_STEP][PASSED] - println("/n/n" + listOptionScriptings + "/n/n"): null

2022-10-12 10:00:45 - [TEST_STEP][PASSED] - for ([i = 0, i < length, (i++)]): null

2022-10-12 10:00:45 - [TEST_STEP][PASSED] - result = verifyElementPresent(findTestObject("Intermediate/3_JQuery_Select _Dropdown/option_Files", ["optionGroup":optionGroup, "type":listOptionScriptings[i]]), 3): Object 'Object Repository/Intermediate/3_JQuery_Select _Dropdown/option_Files' is present

2022-10-12 10:00:46 - [MESSAGE][PASSED] - Object 'Object Repository/Intermediate/3_JQuery_Select _Dropdown/option_Files' is present

2022-10-12 10:00:46 - [TEST_STEP][PASSED] - if (result == true): null

2022-10-12 10:00:46 - [TEST_STEP][PASSED] - println("Option named " + listOptionScriptings[i] + " is present"): null

2022-10-12 10:00:46 - [TEST_STEP][PASSED] - result = verifyElementPresent(findTestObject("Intermediate/3_JQuery_Select _Dropdown/option_Files", ["optionGroup":optionGroup, "type":listOptionScriptings[i]]), 3): Object 'Object Repository/Intermediate/3_JQuery_Select _Dropdown/option_Files' is present

2022-10-12 10:00:46 - [MESSAGE][PASSED] - Object 'Object Repository/Intermediate/3_JQuery_Select _Dropdown/option_Files' is present

2022-10-12 10:00:46 - [TEST_STEP][PASSED] - if (result == true): null

2022-10-12 10:00:46 - [TEST_STEP][PASSED] - println("Option named " + listOptionScriptings[i] + " is present"): null

2022-10-12 10:00:46 - [TEST_STEP][PASSED] - result = verifyElementPresent(findTestObject("Intermediate/3_JQuery_Select _Dropdown/option_Files", ["optionGroup":optionGroup, "type":listOptionScriptings[i]]), 3): Object 'Object Repository/Intermediate/3_JQuery_Select _Dropdown/option_Files' is present

2022-10-12 10:00:47 - [MESSAGE][PASSED] - Object 'Object Repository/Intermediate/3_JQuery_Select _Dropdown/option_Files' is present

2022-10-12 10:00:47 - [TEST_STEP][PASSED] - if (result == true): null

2022-10-12 10:00:47 - [TEST_STEP][PASSED] - println("Option named " + listOptionScriptings[i] + " is present"): null

2022-10-12 10:00:47 - [TEST_STEP][PASSED] - TestID = "TEST-00003": null

2022-10-12 10:00:47 - [TEST_STEP][PASSED] - optionGroup = "Programming languages": null

2022-10-12 10:00:47 - [TEST_STEP][PASSED] - arrayLength = 0: null

2022-10-12 10:00:47 - [TEST_STEP][PASSED] - for ([rowNum = 1, rowNum < totalRow, (rowNum++)]): null

2022-10-12 10:00:47 - [TEST_STEP][PASSED] - if (findTestData(FileTestData).getValue(1, rowNum) == TestID): null

2022-10-12 10:00:47 - [TEST_STEP][PASSED] - if (findTestData(FileTestData).getValue(1, rowNum) == TestID): null

2022-10-12 10:00:47 - [TEST_STEP][PASSED] - if (findTestData(FileTestData).getValue(1, rowNum) == TestID): null

2022-10-12 10:00:47 - [TEST_STEP][PASSED] - for ([i = 0, i < totalColumn - 1, (i++)]): null

2022-10-12 10:00:47 - [TEST_STEP][PASSED] - if (findTestData(FileTestData).getValue(i + 2, rowNum) == ""): null

2022-10-12 10:00:47 - [TEST_STEP][PASSED] - (arrayLength++): null

2022-10-12 10:00:47 - [TEST_STEP][PASSED] - if (findTestData(FileTestData).getValue(i + 2, rowNum) == ""): null

2022-10-12 10:00:47 - [TEST_STEP][PASSED] - (arrayLength++): null

2022-10-12 10:00:47 - [TEST_STEP][PASSED] - if (findTestData(FileTestData).getValue(i + 2, rowNum) == ""): null

2022-10-12 10:00:48 - [TEST_STEP][PASSED] - (arrayLength++): null

2022-10-12 10:00:48 - [TEST_STEP][PASSED] - if (findTestData(FileTestData).getValue(1, rowNum) == TestID): null

2022-10-12 10:00:48 - [TEST_STEP][PASSED] - if (findTestData(FileTestData).getValue(1, rowNum) == TestID): null

2022-10-12 10:00:48 - [TEST_STEP][PASSED] - if (findTestData(FileTestData).getValue(1, rowNum) == TestID): null

2022-10-12 10:00:48 - [TEST_STEP][PASSED] - if (findTestData(FileTestData).getValue(1, rowNum) == TestID): null

2022-10-12 10:00:48 - [TEST_STEP][PASSED] - if (findTestData(FileTestData).getValue(1, rowNum) == TestID): null

2022-10-12 10:00:48 - [TEST_STEP][PASSED] - if (findTestData(FileTestData).getValue(1, rowNum) == TestID): null

2022-10-12 10:00:48 - [TEST_STEP][PASSED] - println("

Array length is: " + arrayLength + "

"): null

2022-10-12 10:00:48 - [TEST_STEP][PASSED] - listOptionProgrammings = []: null

2022-10-12 10:00:48 - [TEST_STEP][PASSED] - for ([rowNum = 1, rowNum < totalRow, (rowNum++)]): null

2022-10-12 10:00:48 - [TEST_STEP][PASSED] - if (findTestData(FileTestData).getValue(1, rowNum) == TestID): null

2022-10-12 10:00:48 - [TEST_STEP][PASSED] - if (findTestData(FileTestData).getValue(1, rowNum) == TestID): null

2022-10-12 10:00:48 - [TEST_STEP][PASSED] - if (findTestData(FileTestData).getValue(1, rowNum) == TestID): null

2022-10-12 10:00:48 - [TEST_STEP][PASSED] - for ([i = 0, i < arrayLength, (i++)]): null

2022-10-12 10:00:48 - [TEST_STEP][PASSED] - if (findTestData(FileTestData).getValue(i + 2, 1) == ""): null

2022-10-12 10:00:48 - [TEST_STEP][PASSED] - listOptionProgrammings[i] = findTestData(FileTestData).getValue(i + 2, rowNum): null

2022-10-12 10:00:48 - [TEST_STEP][PASSED] - if (findTestData(FileTestData).getValue(i + 2, 1) == ""): null

2022-10-12 10:00:49 - [TEST_STEP][PASSED] - listOptionProgrammings[i] = findTestData(FileTestData).getValue(i + 2, rowNum): null

2022-10-12 10:00:49 - [TEST_STEP][PASSED] - if (findTestData(FileTestData).getValue(i + 2, 1) == ""): null

2022-10-12 10:00:49 - [TEST_STEP][PASSED] - listOptionProgrammings[i] = findTestData(FileTestData).getValue(i + 2, rowNum): null

2022-10-12 10:00:49 - [TEST_STEP][PASSED] - if (findTestData(FileTestData).getValue(1, rowNum) == TestID): null

2022-10-12 10:00:49 - [TEST_STEP][PASSED] - if (findTestData(FileTestData).getValue(1, rowNum) == TestID): null

2022-10-12 10:00:49 - [TEST_STEP][PASSED] - if (findTestData(FileTestData).getValue(1, rowNum) == TestID): null

2022-10-12 10:00:49 - [TEST_STEP][PASSED] - if (findTestData(FileTestData).getValue(1, rowNum) == TestID): null

2022-10-12 10:00:49 - [TEST_STEP][PASSED] - if (findTestData(FileTestData).getValue(1, rowNum) == TestID): null

2022-10-12 10:00:49 - [TEST_STEP][PASSED] - if (findTestData(FileTestData).getValue(1, rowNum) == TestID): null

2022-10-12 10:00:49 - [TEST_STEP][PASSED] - println("/n/n" + listOptionProgrammings + "/n/n"): null

2022-10-12 10:00:49 - [TEST_STEP][PASSED] - for ([i = 0, i < length, (i++)]): null

2022-10-12 10:00:49 - [TEST_STEP][PASSED] - result = verifyElementPresent(findTestObject("Intermediate/3_JQuery_Select _Dropdown/option_Files", ["optionGroup":optionGroup, "type":listOptionProgrammings[i]]), 3): Object 'Object Repository/Intermediate/3_JQuery_Select _Dropdown/option_Files' is present

2022-10-12 10:00:50 - [MESSAGE][PASSED] - Object 'Object Repository/Intermediate/3_JQuery_Select _Dropdown/option_Files' is present

2022-10-12 10:00:50 - [TEST_STEP][PASSED] - if (result == true): null

2022-10-12 10:00:50 - [TEST_STEP][PASSED] - println("Option named " + listOptionProgrammings[i] + " is present"): null

2022-10-12 10:00:50 - [TEST_STEP][PASSED] - result = verifyElementPresent(findTestObject("Intermediate/3_JQuery_Select _Dropdown/option_Files", ["optionGroup":optionGroup, "type":listOptionProgrammings[i]]), 3): Object 'Object Repository/Intermediate/3_JQuery_Select _Dropdown/option_Files' is present

2022-10-12 10:00:50 - [MESSAGE][PASSED] - Object 'Object Repository/Intermediate/3_JQuery_Select _Dropdown/option_Files' is present

2022-10-12 10:00:50 - [TEST_STEP][PASSED] - if (result == true): null

2022-10-12 10:00:50 - [TEST_STEP][PASSED] - println("Option named " + listOptionProgrammings[i] + " is present"): null

2022-10-12 10:00:50 - [TEST_STEP][PASSED] - result = verifyElementPresent(findTestObject("Intermediate/3_JQuery_Select _Dropdown/option_Files", ["optionGroup":optionGroup, "type":listOptionProgrammings[i]]), 3): Object 'Object Repository/Intermediate/3_JQuery_Select _Dropdown/option_Files' is present

2022-10-12 10:00:51 - [MESSAGE][PASSED] - Object 'Object Repository/Intermediate/3_JQuery_Select _Dropdown/option_Files' is present

2022-10-12 10:00:51 - [TEST_STEP][PASSED] - if (result == true): null

2022-10-12 10:00:51 - [TEST_STEP][PASSED] - println("Option named " + listOptionProgrammings[i] + " is present"): null

2022-10-12 10:00:51 - [TEST_STEP][PASSED] - TestID = "TEST-00004": null

2022-10-12 10:00:51 - [TEST_STEP][PASSED] - optionGroup = "Other": null

2022-10-12 10:00:51 - [TEST_STEP][PASSED] - arrayLength = 0: null

2022-10-12 10:00:51 - [TEST_STEP][PASSED] - for ([rowNum = 1, rowNum < totalRow, (rowNum++)]): null

2022-10-12 10:00:51 - [TEST_STEP][PASSED] - if (findTestData(FileTestData).getValue(1, rowNum) == TestID): null

[...]

2022-10-12 10:03:32 - [MESSAGE][PASSED] - Object: 'Object Repository/Intermediate/5_JQuery_List_Box/button_Remove' is clicked on

2022-10-12 10:03:32 - [TEST_STEP][PASSED] - verifyElementNotPresent(findTestObject("Intermediate/5_JQuery_List_Box/dynamic_items_in_right", ["item":listData[i]]), 2): Web element with id: 'Object Repository/Intermediate/5_JQuery_List_Box/dynamic_items_in_right' located by 'By.xpath: //select[contains(@class,"pickListResult")]//option[text()="Maria Luiza"]' is not present after '2' second(s)

2022-10-12 10:03:33 - [MESSAGE][PASSED] - Web element with id: 'Object Repository/Intermediate/5_JQuery_List_Box/dynamic_items_in_right' located by 'By.xpath: //select[contains(@class,"pickListResult")]//option[text()="Maria Luiza"]' is not present after '2' second(s)

2022-10-12 10:03:33 - [TEST_STEP][PASSED] - verifyElementPresent(findTestObject("Intermediate/5_JQuery_List_Box/dynamic_items_in_left", ["item":listData[i]]), 2): Object 'Object Repository/Intermediate/5_JQuery_List_Box/dynamic_items_in_left' is present

2022-10-12 10:03:33 - [MESSAGE][PASSED] - Object 'Object Repository/Intermediate/5_JQuery_List_Box/dynamic_items_in_left' is present

2022-10-12 10:03:33 - [TEST_STEP][PASSED] - closeBrowser(): Browser is closed

2022-10-12 10:03:34 - [MESSAGE][PASSED] - Browser is closed]]></system-out>
         <system-err><![CDATA[]]></system-err>
      </testcase>
      <testcase name="Test Cases/Intermediate/5_JQuery_List_Box/JQLB7_select_multiple_items_and_click_Remove" time="26.491" classname="Test Cases/Intermediate/5_JQuery_List_Box/JQLB7_select_multiple_items_and_click_Remove" status="PASSED">
         <system-out><![CDATA[2022-10-12 10:03:34 - [TEST_CASE][PASSED] - Test Cases/Intermediate/5_JQuery_List_Box/JQLB7_select_multiple_items_and_click_Remove: Test Cases/Intermediate/5_JQuery_List_Box/JQLB7_select_multiple_items_and_click_Remove

2022-10-12 10:03:35 - [TEST_STEP][PASSED] - TestID = "TEST-00007": null

2022-10-12 10:03:35 - [TEST_STEP][PASSED] - FileTestData = "TestData_Sheet6": null

2022-10-12 10:03:35 - [TEST_STEP][PASSED] - totalRow = findTestData(FileTestData).getRowNumbers(): null

2022-10-12 10:03:35 - [TEST_STEP][PASSED] - totalColumn = findTestData(FileTestData).getColumnNumbers(): null

2022-10-12 10:03:35 - [TEST_STEP][PASSED] - rowNum = 1: null

2022-10-12 10:03:35 - [TEST_STEP][PASSED] - arrayLength = 0: null

2022-10-12 10:03:35 - [TEST_STEP][PASSED] - for ([rowNum, rowNum < totalRow, (rowNum++)]): null

2022-10-12 10:03:35 - [TEST_STEP][PASSED] - if (findTestData(FileTestData).getValue(1, rowNum) == TestID): null

2022-10-12 10:03:35 - [TEST_STEP][PASSED] - if (findTestData(FileTestData).getValue(1, rowNum) == TestID): null

2022-10-12 10:03:35 - [TEST_STEP][PASSED] - if (findTestData(FileTestData).getValue(1, rowNum) == TestID): null

2022-10-12 10:03:35 - [TEST_STEP][PASSED] - if (findTestData(FileTestData).getValue(1, rowNum) == TestID): null

2022-10-12 10:03:35 - [TEST_STEP][PASSED] - if (findTestData(FileTestData).getValue(1, rowNum) == TestID): null

2022-10-12 10:03:35 - [TEST_STEP][PASSED] - if (findTestData(FileTestData).getValue(1, rowNum) == TestID): null

2022-10-12 10:03:35 - [TEST_STEP][PASSED] - if (findTestData(FileTestData).getValue(1, rowNum) == TestID): null

2022-10-12 10:03:35 - [TEST_STEP][PASSED] - break: null

2022-10-12 10:03:35 - [TEST_STEP][PASSED] - println("Row number is: " + rowNum): null

2022-10-12 10:03:35 - [TEST_STEP][PASSED] - for ([i = 0, i < totalColumn - 1, (i++)]): null

2022-10-12 10:03:35 - [TEST_STEP][PASSED] - if (findTestData(FileTestData).getValue(i + 2, rowNum) == ""): null

2022-10-12 10:03:35 - [TEST_STEP][PASSED] - (arrayLength++): null

2022-10-12 10:03:35 - [TEST_STEP][PASSED] - if (findTestData(FileTestData).getValue(i + 2, rowNum) == ""): null

2022-10-12 10:03:35 - [TEST_STEP][PASSED] - (arrayLength++): null

2022-10-12 10:03:35 - [TEST_STEP][PASSED] - if (findTestData(FileTestData).getValue(i + 2, rowNum) == ""): null

2022-10-12 10:03:35 - [TEST_STEP][PASSED] - (arrayLength++): null

2022-10-12 10:03:35 - [TEST_STEP][PASSED] - if (findTestData(FileTestData).getValue(i + 2, rowNum) == ""): null

2022-10-12 10:03:35 - [TEST_STEP][PASSED] - (arrayLength++): null

2022-10-12 10:03:35 - [TEST_STEP][PASSED] - if (findTestData(FileTestData).getValue(i + 2, rowNum) == ""): null

2022-10-12 10:03:36 - [TEST_STEP][PASSED] - (arrayLength++): null

2022-10-12 10:03:36 - [TEST_STEP][PASSED] - if (findTestData(FileTestData).getValue(i + 2, rowNum) == ""): null

2022-10-12 10:03:36 - [TEST_STEP][PASSED] - break: null

2022-10-12 10:03:36 - [TEST_STEP][PASSED] - println("Array length is: " + arrayLength): null

2022-10-12 10:03:36 - [TEST_STEP][PASSED] - listData = []: null

2022-10-12 10:03:36 - [TEST_STEP][PASSED] - for ([rowNum = 1, rowNum < totalRow, (rowNum++)]): null

2022-10-12 10:03:36 - [TEST_STEP][PASSED] - if (findTestData(FileTestData).getValue(1, rowNum) == TestID): null

2022-10-12 10:03:36 - [TEST_STEP][PASSED] - if (findTestData(FileTestData).getValue(1, rowNum) == TestID): null

2022-10-12 10:03:36 - [TEST_STEP][PASSED] - if (findTestData(FileTestData).getValue(1, rowNum) == TestID): null

2022-10-12 10:03:36 - [TEST_STEP][PASSED] - if (findTestData(FileTestData).getValue(1, rowNum) == TestID): null

2022-10-12 10:03:36 - [TEST_STEP][PASSED] - if (findTestData(FileTestData).getValue(1, rowNum) == TestID): null

2022-10-12 10:03:36 - [TEST_STEP][PASSED] - if (findTestData(FileTestData).getValue(1, rowNum) == TestID): null

2022-10-12 10:03:36 - [TEST_STEP][PASSED] - if (findTestData(FileTestData).getValue(1, rowNum) == TestID): null

2022-10-12 10:03:36 - [TEST_STEP][PASSED] - for ([i = 0, i < arrayLength, (i++)]): null

2022-10-12 10:03:36 - [TEST_STEP][PASSED] - if (findTestData(FileTestData).getValue(i + 2, 1) == ""): null

2022-10-12 10:03:36 - [TEST_STEP][PASSED] - listData[i] = findTestData(FileTestData).getValue(i + 2, rowNum): null

2022-10-12 10:03:36 - [TEST_STEP][PASSED] - if (findTestData(FileTestData).getValue(i + 2, 1) == ""): null

2022-10-12 10:03:36 - [TEST_STEP][PASSED] - listData[i] = findTestData(FileTestData).getValue(i + 2, rowNum): null

2022-10-12 10:03:36 - [TEST_STEP][PASSED] - if (findTestData(FileTestData).getValue(i + 2, 1) == ""): null

2022-10-12 10:03:36 - [TEST_STEP][PASSED] - listData[i] = findTestData(FileTestData).getValue(i + 2, rowNum): null

2022-10-12 10:03:36 - [TEST_STEP][PASSED] - if (findTestData(FileTestData).getValue(i + 2, 1) == ""): null

2022-10-12 10:03:37 - [TEST_STEP][PASSED] - listData[i] = findTestData(FileTestData).getValue(i + 2, rowNum): null

2022-10-12 10:03:37 - [TEST_STEP][PASSED] - if (findTestData(FileTestData).getValue(i + 2, 1) == ""): null

2022-10-12 10:03:37 - [TEST_STEP][PASSED] - listData[i] = findTestData(FileTestData).getValue(i + 2, rowNum): null

2022-10-12 10:03:37 - [TEST_STEP][PASSED] - if (findTestData(FileTestData).getValue(1, rowNum) == TestID): null

2022-10-12 10:03:37 - [TEST_STEP][PASSED] - if (findTestData(FileTestData).getValue(1, rowNum) == TestID): null

2022-10-12 10:03:37 - [TEST_STEP][PASSED] - println(listData): null

2022-10-12 10:03:37 - [TEST_STEP][PASSED] - callTestCase(findTestCase("Intermediate/Prerequisite1_Access_Immediate"), [:], STOP_ON_FAILURE): Call Test Case 'Test Cases/Intermediate/Prerequisite1_Access_Immediate' successfully

2022-10-12 10:03:37 - [TEST_CASE][PASSED] - Test Cases/Intermediate/Prerequisite1_Access_Immediate: Test Cases/Intermediate/Prerequisite1_Access_Immediate

2022-10-12 10:03:37 - [TEST_STEP][PASSED] - callTestCase(findTestCase("Launch_seleniumeasy_page"), [:], STOP_ON_FAILURE): Call Test Case 'Test Cases/Launch_seleniumeasy_page' successfully

2022-10-12 10:03:37 - [TEST_CASE][PASSED] - Test Cases/Launch_seleniumeasy_page: Test Cases/Launch_seleniumeasy_page

2022-10-12 10:03:37 - [TEST_STEP][PASSED] - openBrowser(""): Browser is opened with url: ''

2022-10-12 10:03:37 - [MESSAGE][INFO] - Starting 'Chrome' driver

2022-10-12 10:03:37 - [MESSAGE][INFO] - Action delay is set to 0 milliseconds

2022-10-12 10:03:39 - [MESSAGE][PASSED] - Browser is opened with url: ''

2022-10-12 10:03:39 - [TEST_STEP][PASSED] - maximizeWindow(): Current window maximized

2022-10-12 10:03:39 - [MESSAGE][PASSED] - Current window maximized

2022-10-12 10:03:39 - [TEST_STEP][PASSED] - navigateToUrl("https://demo.seleniumeasy.com/"): Navigate to 'https://demo.seleniumeasy.com/' successfully

2022-10-12 10:03:45 - [MESSAGE][PASSED] - Navigate to 'https://demo.seleniumeasy.com/' successfully

2022-10-12 10:03:45 - [MESSAGE][PASSED] - Call Test Case 'Test Cases/Launch_seleniumeasy_page' successfully

2022-10-12 10:03:45 - [TEST_STEP][PASSED] - if (verifyElementVisible(findTestObject("Main_page/Button_Start_Practicing"), OPTIONAL)): Object: 'Object Repository/Main_page/Button_Start_Practicing' is clicked on

2022-10-12 10:03:45 - [MESSAGE][PASSED] - Object 'Object Repository/Main_page/Button_Start_Practicing' is visible

2022-10-12 10:03:45 - [TEST_STEP][PASSED] - click(findTestObject("Main_page/Button_Start_Practicing")): Object: 'Object Repository/Main_page/Button_Start_Practicing' is clicked on

2022-10-12 10:03:46 - [MESSAGE][PASSED] - Object: 'Object Repository/Main_page/Button_Start_Practicing' is clicked on

2022-10-12 10:03:46 - [TEST_STEP][PASSED] - enhancedClick(findTestObject("Main_page/option_Intermediate")): Object: 'Object Repository/Main_page/option_Intermediate' is clicked on

2022-10-12 10:03:46 - [MESSAGE][PASSED] - Object: 'Object Repository/Main_page/option_Intermediate' is clicked on

2022-10-12 10:03:46 - [TEST_STEP][PASSED] - verifyElementVisible(findTestObject("Intermediate/text_Intermediate"), STOP_ON_FAILURE): Object 'Object Repository/Intermediate/text_Intermediate' is visible

2022-10-12 10:03:47 - [MESSAGE][PASSED] - Object 'Object Repository/Intermediate/text_Intermediate' is visible

2022-10-12 10:03:47 - [MESSAGE][PASSED] - Call Test Case 'Test Cases/Intermediate/Prerequisite1_Access_Immediate' successfully

2022-10-12 10:03:47 - [TEST_STEP][PASSED] - click(findTestObject("Intermediate/option_JQueryListBox")): Object: 'Object Repository/Intermediate/option_JQueryListBox' is clicked on

2022-10-12 10:03:47 - [MESSAGE][PASSED] - Object: 'Object Repository/Intermediate/option_JQueryListBox' is clicked on

2022-10-12 10:03:47 - [TEST_STEP][PASSED] - click(findTestObject("Intermediate/5_JQuery_List_Box/button_Add_All")): Object: 'Object Repository/Intermediate/5_JQuery_List_Box/button_Add_All' is clicked on

2022-10-12 10:03:48 - [MESSAGE][PASSED] - Object: 'Object Repository/Intermediate/5_JQuery_List_Box/button_Add_All' is clicked on

2022-10-12 10:03:48 - [TEST_STEP][PASSED] - delay(3): Delayed 3 second(s)

2022-10-12 10:03:51 - [MESSAGE][PASSED] - Delayed 3 second(s)

2022-10-12 10:03:51 - [TEST_STEP][PASSED] - driver = getWebDriver(): null

2022-10-12 10:03:51 - [TEST_STEP][PASSED] - actionPress = new org.openqa.selenium.interactions.Actions(driver): null

2022-10-12 10:03:51 - [TEST_STEP][PASSED] - actionPress.keyDown(CONTROL): null

2022-10-12 10:03:51 - [TEST_STEP][PASSED] - for ([i = 0, i < length, (i++)]): Object: 'Object Repository/Intermediate/5_JQuery_List_Box/dynamic_items_in_right' is clicked on

2022-10-12 10:03:51 - [TEST_STEP][PASSED] - click(findTestObject("Intermediate/5_JQuery_List_Box/dynamic_items_in_right", ["item":listData[i]])): Object: 'Object Repository/Intermediate/5_JQuery_List_Box/dynamic_items_in_right' is clicked on

2022-10-12 10:03:51 - [MESSAGE][PASSED] - Object: 'Object Repository/Intermediate/5_JQuery_List_Box/dynamic_items_in_right' is clicked on

2022-10-12 10:03:51 - [TEST_STEP][PASSED] - click(findTestObject("Intermediate/5_JQuery_List_Box/dynamic_items_in_right", ["item":listData[i]])): Object: 'Object Repository/Intermediate/5_JQuery_List_Box/dynamic_items_in_right' is clicked on

2022-10-12 10:03:52 - [MESSAGE][PASSED] - Object: 'Object Repository/Intermediate/5_JQuery_List_Box/dynamic_items_in_right' is clicked on

2022-10-12 10:03:52 - [TEST_STEP][PASSED] - click(findTestObject("Intermediate/5_JQuery_List_Box/dynamic_items_in_right", ["item":listData[i]])): Object: 'Object Repository/Intermediate/5_JQuery_List_Box/dynamic_items_in_right' is clicked on

2022-10-12 10:03:52 - [MESSAGE][PASSED] - Object: 'Object Repository/Intermediate/5_JQuery_List_Box/dynamic_items_in_right' is clicked on

2022-10-12 10:03:52 - [TEST_STEP][PASSED] - click(findTestObject("Intermediate/5_JQuery_List_Box/dynamic_items_in_right", ["item":listData[i]])): Object: 'Object Repository/Intermediate/5_JQuery_List_Box/dynamic_items_in_right' is clicked on

2022-10-12 10:03:52 - [MESSAGE][PASSED] - Object: 'Object Repository/Intermediate/5_JQuery_List_Box/dynamic_items_in_right' is clicked on

2022-10-12 10:03:52 - [TEST_STEP][PASSED] - click(findTestObject("Intermediate/5_JQuery_List_Box/dynamic_items_in_right", ["item":listData[i]])): Object: 'Object Repository/Intermediate/5_JQuery_List_Box/dynamic_items_in_right' is clicked on

2022-10-12 10:03:53 - [MESSAGE][PASSED] - Object: 'Object Repository/Intermediate/5_JQuery_List_Box/dynamic_items_in_right' is clicked on

2022-10-12 10:03:53 - [TEST_STEP][PASSED] - actionPress.keyUp(CONTROL): null

2022-10-12 10:03:53 - [TEST_STEP][PASSED] - click(findTestObject("Intermediate/5_JQuery_List_Box/button_Remove")): Object: 'Object Repository/Intermediate/5_JQuery_List_Box/button_Remove' is clicked on

2022-10-12 10:03:53 - [MESSAGE][PASSED] - Object: 'Object Repository/Intermediate/5_JQuery_List_Box/button_Remove' is clicked on

2022-10-12 10:03:53 - [TEST_STEP][PASSED] - for ([i = 0, i < length, (i++)]): Object 'Object Repository/Intermediate/5_JQuery_List_Box/dynamic_items_in_left' is present

2022-10-12 10:03:53 - [TEST_STEP][PASSED] - verifyElementNotPresent(findTestObject("Intermediate/5_JQuery_List_Box/dynamic_items_in_right", ["item":listData[i]]), 2): Web element with id: 'Object Repository/Intermediate/5_JQuery_List_Box/dynamic_items_in_right' located by 'By.xpath: //select[contains(@class,"pickListResult")]//option[text()="Giovanna"]' is not present after '2' second(s)

2022-10-12 10:03:54 - [MESSAGE][PASSED] - Web element with id: 'Object Repository/Intermediate/5_JQuery_List_Box/dynamic_items_in_right' located by 'By.xpath: //select[contains(@class,"pickListResult")]//option[text()="Giovanna"]' is not present after '2' second(s)

2022-10-12 10:03:54 - [TEST_STEP][PASSED] - verifyElementPresent(findTestObject("Intermediate/5_JQuery_List_Box/dynamic_items_in_left", ["item":listData[i]]), 2): Object 'Object Repository/Intermediate/5_JQuery_List_Box/dynamic_items_in_left' is present

2022-10-12 10:03:54 - [MESSAGE][PASSED] - Object 'Object Repository/Intermediate/5_JQuery_List_Box/dynamic_items_in_left' is present

2022-10-12 10:03:54 - [TEST_STEP][PASSED] - verifyElementNotPresent(findTestObject("Intermediate/5_JQuery_List_Box/dynamic_items_in_right", ["item":listData[i]]), 2): Web element with id: 'Object Repository/Intermediate/5_JQuery_List_Box/dynamic_items_in_right' located by 'By.xpath: //select[contains(@class,"pickListResult")]//option[text()="Lara"]' is not present after '2' second(s)

2022-10-12 10:03:54 - [MESSAGE][PASSED] - Web element with id: 'Object Repository/Intermediate/5_JQuery_List_Box/dynamic_items_in_right' located by 'By.xpath: //select[contains(@class,"pickListResult")]//option[text()="Lara"]' is not present after '2' second(s)

2022-10-12 10:03:54 - [TEST_STEP][PASSED] - verifyElementPresent(findTestObject("Intermediate/5_JQuery_List_Box/dynamic_items_in_left", ["item":listData[i]]), 2): Object 'Object Repository/Intermediate/5_JQuery_List_Box/dynamic_items_in_left' is present

2022-10-12 10:03:55 - [MESSAGE][PASSED] - Object 'Object Repository/Intermediate/5_JQuery_List_Box/dynamic_items_in_left' is present

2022-10-12 10:03:55 - [TEST_STEP][PASSED] - verifyElementNotPresent(findTestObject("Intermediate/5_JQuery_List_Box/dynamic_items_in_right", ["item":listData[i]]), 2): Web element with id: 'Object Repository/Intermediate/5_JQuery_List_Box/dynamic_items_in_right' located by 'By.xpath: //select[contains(@class,"pickListResult")]//option[text()="Sophia"]' is not present after '2' second(s)

2022-10-12 10:03:55 - [MESSAGE][PASSED] - Web element with id: 'Object Repository/Intermediate/5_JQuery_List_Box/dynamic_items_in_right' located by 'By.xpath: //select[contains(@class,"pickListResult")]//option[text()="Sophia"]' is not present after '2' second(s)

2022-10-12 10:03:55 - [TEST_STEP][PASSED] - verifyElementPresent(findTestObject("Intermediate/5_JQuery_List_Box/dynamic_items_in_left", ["item":listData[i]]), 2): Object 'Object Repository/Intermediate/5_JQuery_List_Box/dynamic_items_in_left' is present

2022-10-12 10:03:55 - [MESSAGE][PASSED] - Object 'Object Repository/Intermediate/5_JQuery_List_Box/dynamic_items_in_left' is present

2022-10-12 10:03:55 - [TEST_STEP][PASSED] - verifyElementNotPresent(findTestObject("Intermediate/5_JQuery_List_Box/dynamic_items_in_right", ["item":listData[i]]), 2): Web element with id: 'Object Repository/Intermediate/5_JQuery_List_Box/dynamic_items_in_right' located by 'By.xpath: //select[contains(@class,"pickListResult")]//option[text()="Manuela"]' is not present after '2' second(s)

2022-10-12 10:03:56 - [MESSAGE][PASSED] - Web element with id: 'Object Repository/Intermediate/5_JQuery_List_Box/dynamic_items_in_right' located by 'By.xpath: //select[contains(@class,"pickListResult")]//option[text()="Manuela"]' is not present after '2' second(s)

2022-10-12 10:03:56 - [TEST_STEP][PASSED] - verifyElementPresent(findTestObject("Intermediate/5_JQuery_List_Box/dynamic_items_in_left", ["item":listData[i]]), 2): Object 'Object Repository/Intermediate/5_JQuery_List_Box/dynamic_items_in_left' is present

2022-10-12 10:03:56 - [MESSAGE][PASSED] - Object 'Object Repository/Intermediate/5_JQuery_List_Box/dynamic_items_in_left' is present

2022-10-12 10:03:56 - [TEST_STEP][PASSED] - verifyElementNotPresent(findTestObject("Intermediate/5_JQuery_List_Box/dynamic_items_in_right", ["item":listData[i]]), 2): Web element with id: 'Object Repository/Intermediate/5_JQuery_List_Box/dynamic_items_in_right' located by 'By.xpath: //select[contains(@class,"pickListResult")]//option[text()="Luiza"]' is not present after '2' second(s)

2022-10-12 10:03:56 - [MESSAGE][PASSED] - Web element with id: 'Object Repository/Intermediate/5_JQuery_List_Box/dynamic_items_in_right' located by 'By.xpath: //select[contains(@class,"pickListResult")]//option[text()="Luiza"]' is not present after '2' second(s)

2022-10-12 10:03:56 - [TEST_STEP][PASSED] - verifyElementPresent(findTestObject("Intermediate/5_JQuery_List_Box/dynamic_items_in_left", ["item":listData[i]]), 2): Object 'Object Repository/Intermediate/5_JQuery_List_Box/dynamic_items_in_left' is present

2022-10-12 10:03:57 - [MESSAGE][PASSED] - Object 'Object Repository/Intermediate/5_JQuery_List_Box/dynamic_items_in_left' is present

2022-10-12 10:03:57 - [TEST_STEP][PASSED] - delay(3): Delayed 3 second(s)

2022-10-12 10:04:00 - [MESSAGE][PASSED] - Delayed 3 second(s)

2022-10-12 10:04:00 - [TEST_STEP][PASSED] - closeBrowser(): Browser is closed

2022-10-12 10:04:01 - [MESSAGE][PASSED] - Browser is closed]]></system-out>
         <system-err><![CDATA[]]></system-err>
      </testcase>
      <system-out><![CDATA[2022-10-12 09:59:17 - [TEST_SUITE][PASSED] - TestSuite_5_JQuery_List_Box: Test Cases/Intermediate/5_JQuery_List_Box/JQLB7_select_multiple_items_and_click_Remove]]></system-out>
      <system-err><![CDATA[]]></system-err>
   </testsuite>
</testsuites>
